<?xml version="1.0" encoding="UTF-8"?>
<testsuite xmlns:xsi="http://www.w3.org/2001/XMLSchema-instance" xsi:noNamespaceSchemaLocation="https://maven.apache.org/surefire/maven-surefire-plugin/xsd/surefire-test-report-3.0.xsd" version="3.0" name="xyz.metratrj.jbyteinspector.io.FileUtilsTest" time="0.171" tests="1" errors="0" skipped="0" failures="0">
  <properties>
[...]
</properties>
  <testcase name="testFindFiles" classname="xyz.metratrj.jbyteinspector.io.FileUtilsTest" time="0.116">
    <system-err><![CDATA[Feb 10, 2026 9:08:01 AM xyz.metratrj.jbyteinspector.io.FileUtils findFiles
INFO: Starting recursive file search in: /home/metratrj/sources/JInspector/Code/jbi-io/target/test-classes/fixtures
Feb 10, 2026 9:08:01 AM xyz.metratrj.jbyteinspector.io.FileUtils$1 visitFile
INFO: Found file: /home/metratrj/sources/JInspector/Code/jbi-io/target/test-classes/fixtures
Feb 10, 2026 9:08:01 AM xyz.metratrj.jbyteinspector.io.FileUtils$1 visitFile
INFO: Found file: /home/metratrj/sources/JInspector/Code/jbi-io/target/test-classes/fixtures
]]></system-err>
  </testcase>
</testsuite>