<?xml version="1.0" encoding="UTF-8"?>
<testsuite xmlns:xsi="http://www.w3.org/2001/XMLSchema-instance" xsi:noNamespaceSchemaLocation="https://maven.apache.org/surefire/maven-surefire-plugin/xsd/surefire-test-report-3.0.xsd" version="3.0" name="xyz.metratrj.jbyteinspector.tests.PipelineIntegrationTest" time="1.26" tests="4" errors="0" skipped="0" failures="0">
  <properties>
[...]
</properties>
  <testcase name="testJarAnalysis" classname="xyz.metratrj.jbyteinspector.tests.PipelineIntegrationTest" time="0.874">
    <system-out><![CDATA[Attribute NameCode
      max_stack: 2, max_locals: 2, code_length: 10
      bytecode disassembly:
        0000: 2A -> UNKNOWN (Opcode 42)
        0001: B7 -> UNKNOWN (Opcode 183)
        0002: 00 -> NOP
        0003: 01 -> ACONST_NULL
        0004: 2A -> UNKNOWN (Opcode 42)
        0005: 2B -> UNKNOWN (Opcode 43)
        0006: B5 -> UNKNOWN (Opcode 181)
        0007: 00 -> NOP
        0008: 07 -> ICONST_4
        0009: B1 -> UNKNOWN (Opcode 177)
[NOP, ACONST_NULL, NOP, ICONST_4]

      exception_table_length: 0
      attributes_count: 2
        attr_index: 19, length: 14, data: 0003000000060004000700090008
        attr_index: 20, length: 22, data: 00020000000a0015001600000000000a000b000c0001
Attribute NameCode
      max_stack: 1, max_locals: 1, code_length: 10
      bytecode disassembly:
        0000: 2A -> UNKNOWN (Opcode 42)
        0001: B4 -> UNKNOWN (Opcode 180)
        0002: 00 -> NOP
        0003: 07 -> ICONST_4
        0004: BA -> UNKNOWN (Opcode 186)
        0005: 00 -> NOP
        0006: 0D -> FCONST_2
        0007: 00 -> NOP
        0008: 00 -> NOP
        0009: B0 -> UNKNOWN (Opcode 176)
[NOP, ICONST_4, NOP, FCONST_2, NOP, NOP]

      exception_table_length: 0
      attributes_count: 2
        attr_index: 19, length: 6, data: 00010000000e
        attr_index: 20, length: 12, data: 00010000000a001500160000
Attribute NameCode
      max_stack: 3, max_locals: 3, code_length: 26
      bytecode disassembly:
        0000: 2A -> UNKNOWN (Opcode 42)
        0001: B7 -> UNKNOWN (Opcode 183)
        0002: 00 -> NOP
        0003: 01 -> ACONST_NULL
        0004: 2A -> UNKNOWN (Opcode 42)
        0005: 2B -> UNKNOWN (Opcode 43)
        0006: B5 -> UNKNOWN (Opcode 181)
        0007: 00 -> NOP
        0008: 07 -> ICONST_4
        0009: 2A -> UNKNOWN (Opcode 42)
        0010: 2C -> UNKNOWN (Opcode 44)
        0011: B5 -> UNKNOWN (Opcode 181)
        0012: 00 -> NOP
        0013: 0D -> FCONST_2
        0014: 2A -> UNKNOWN (Opcode 42)
        0015: BB -> UNKNOWN (Opcode 187)
        0016: 00 -> NOP
        0017: 10 -> UNKNOWN (Opcode 16)
        0018: 59 -> UNKNOWN (Opcode 89)
        0019: B7 -> UNKNOWN (Opcode 183)
        0020: 00 -> NOP
        0021: 12 -> LDC #181
        0023: 00 -> NOP
        0024: 13 -> UNKNOWN (Opcode 19)
        0025: B1 -> UNKNOWN (Opcode 177)
[NOP, ACONST_NULL, NOP, ICONST_4, NOP, FCONST_2, NOP, NOP, LDC, NOP]

      exception_table_length: 0
      attributes_count: 2
        attr_index: 74, length: 22, data: 00050000000c0004000d0009000e000e000f00190010
        attr_index: 75, length: 32, data: 00030000001a004c004d00000000001a000b000c00010000001a000f000c0002
Attribute NameCode
      max_stack: 2, max_locals: 4, code_length: 20
      bytecode disassembly:
        0000: 2A -> UNKNOWN (Opcode 42)
        0001: B7 -> UNKNOWN (Opcode 183)
        0002: 00 -> NOP
        0003: 01 -> ACONST_NULL
        0004: 2A -> UNKNOWN (Opcode 42)
        0005: 2B -> UNKNOWN (Opcode 43)
        0006: B5 -> UNKNOWN (Opcode 181)
        0007: 00 -> NOP
        0008: 07 -> ICONST_4
        0009: 2A -> UNKNOWN (Opcode 42)
        0010: 2C -> UNKNOWN (Opcode 44)
        0011: B5 -> UNKNOWN (Opcode 181)
        0012: 00 -> NOP
        0013: 0D -> FCONST_2
        0014: 2A -> UNKNOWN (Opcode 42)
        0015: 2D -> UNKNOWN (Opcode 45)
        0016: B5 -> UNKNOWN (Opcode 181)
        0017: 00 -> NOP
        0018: 13 -> UNKNOWN (Opcode 19)
        0019: B1 -> UNKNOWN (Opcode 177)
[NOP, ACONST_NULL, NOP, ICONST_4, NOP, FCONST_2, NOP]

      exception_table_length: 0
      attributes_count: 3
        attr_index: 74, length: 22, data: 0005000000120004001300090014000e001500130016
        attr_index: 75, length: 42, data: 000400000014004c004d000000000014000b000c000100000014000f000c000200000014001500160003
        attr_index: 79, length: 12, data: 000100000014001500470003
Attribute NameSignature
Attribute NameCode
      max_stack: 4, max_locals: 4, code_length: 40
      bytecode disassembly:
        0000: 2A -> UNKNOWN (Opcode 42)
        0001: B7 -> UNKNOWN (Opcode 183)
        0002: 00 -> NOP
        0003: 01 -> ACONST_NULL
        0004: 2A -> UNKNOWN (Opcode 42)
        0005: 2B -> UNKNOWN (Opcode 43)
        0006: B5 -> UNKNOWN (Opcode 181)
        0007: 00 -> NOP
        0008: 07 -> ICONST_4
        0009: 2A -> UNKNOWN (Opcode 42)
        0010: 2C -> UNKNOWN (Opcode 44)
        0011: B5 -> UNKNOWN (Opcode 181)
        0012: 00 -> NOP
        0013: 0D -> FCONST_2
        0014: 2A -> UNKNOWN (Opcode 42)
        0015: BB -> UNKNOWN (Opcode 187)
        0016: 00 -> NOP
        0017: 10 -> UNKNOWN (Opcode 16)
        0018: 59 -> UNKNOWN (Opcode 89)
        0019: 2D -> UNKNOWN (Opcode 45)
        0020: BE -> UNKNOWN (Opcode 190)
        0021: B7 -> UNKNOWN (Opcode 183)
        0022: 00 -> NOP
        0023: 17 -> UNKNOWN (Opcode 23)
        0024: B5 -> UNKNOWN (Opcode 181)
        0025: 00 -> NOP
        0026: 13 -> UNKNOWN (Opcode 19)
        0027: 2A -> UNKNOWN (Opcode 42)
        0028: B4 -> UNKNOWN (Opcode 180)
        0029: 00 -> NOP
        0030: 13 -> UNKNOWN (Opcode 19)
        0031: 2D -> UNKNOWN (Opcode 45)
        0032: B8 -> UNKNOWN (Opcode 184)
        0033: 00 -> NOP
        0034: 1A -> UNKNOWN (Opcode 26)
        0035: B6 -> UNKNOWN (Opcode 182)
        0036: 00 -> NOP
        0037: 20 -> UNKNOWN (Opcode 32)
        0038: 57 -> UNKNOWN (Opcode 87)
        0039: B1 -> UNKNOWN (Opcode 177)
[NOP, ACONST_NULL, NOP, ICONST_4, NOP, FCONST_2, NOP, NOP, NOP, NOP, NOP, NOP]

      exception_table_length: 0
      attributes_count: 2
        attr_index: 74, length: 26, data: 000600000018000400190009001a000e001b001b001c0027001d
        attr_index: 75, length: 42, data: 000400000028004c004d000000000028000b000c000100000028000f000c000200000028001500520003
Attribute NameCode
      max_stack: 3, max_locals: 1, code_length: 24
      bytecode disassembly:
        0000: 2A -> UNKNOWN (Opcode 42)
        0001: B4 -> UNKNOWN (Opcode 180)
        0002: 00 -> NOP
        0003: 07 -> ICONST_4
        0004: 2A -> UNKNOWN (Opcode 42)
        0005: B4 -> UNKNOWN (Opcode 180)
        0006: 00 -> NOP
        0007: 0D -> FCONST_2
        0008: 2A -> UNKNOWN (Opcode 42)
        0009: B4 -> UNKNOWN (Opcode 180)
        0010: 00 -> NOP
        0011: 13 -> UNKNOWN (Opcode 19)
        0012: B8 -> UNKNOWN (Opcode 184)
        0013: 00 -> NOP
        0014: 24 -> UNKNOWN (Opcode 36)
        0015: B8 -> UNKNOWN (Opcode 184)
        0016: 00 -> NOP
        0017: 27 -> UNKNOWN (Opcode 39)
        0018: BA -> UNKNOWN (Opcode 186)
        0019: 00 -> NOP
        0020: 2D -> UNKNOWN (Opcode 45)
        0021: 00 -> NOP
        0022: 00 -> NOP
        0023: B0 -> UNKNOWN (Opcode 176)
[NOP, ICONST_4, NOP, FCONST_2, NOP, NOP, NOP, NOP, NOP, NOP]

      exception_table_length: 0
      attributes_count: 2
        attr_index: 74, length: 14, data: 000300000021000c002400170021
        attr_index: 75, length: 12, data: 000100000018004c004d0000
Attribute NameCode
      max_stack: 2, max_locals: 3, code_length: 51
      bytecode disassembly:
        0000: 2B -> UNKNOWN (Opcode 43)
        0001: C1 -> UNKNOWN (Opcode 193)
        0002: 00 -> NOP
        0003: 08 -> ICONST_5
        0004: 99 -> UNKNOWN (Opcode 153)
        0005: 00 -> NOP
        0006: 0B -> FCONST_0
        0007: 2B -> UNKNOWN (Opcode 43)
        0008: C0 -> UNKNOWN (Opcode 192)
        0009: 00 -> NOP
        0010: 08 -> ICONST_5
        0011: 4D -> UNKNOWN (Opcode 77)
        0012: A7 -> UNKNOWN (Opcode 167)
        0013: 00 -> NOP
        0014: 05 -> ICONST_2
        0015: 03 -> ICONST_0
        0016: AC -> UNKNOWN (Opcode 172)
        0017: 2A -> UNKNOWN (Opcode 42)
        0018: B6 -> UNKNOWN (Opcode 182)
        0019: 00 -> NOP
        0020: 31 -> UNKNOWN (Opcode 49)
        0021: 2C -> UNKNOWN (Opcode 44)
        0022: B6 -> UNKNOWN (Opcode 182)
        0023: 00 -> NOP
        0024: 31 -> UNKNOWN (Opcode 49)
        0025: B8 -> UNKNOWN (Opcode 184)
        0026: 00 -> NOP
        0027: 35 -> UNKNOWN (Opcode 53)
        0028: 99 -> UNKNOWN (Opcode 153)
        0029: 00 -> NOP
        0030: 15 -> UNKNOWN (Opcode 21)
        0031: 2A -> UNKNOWN (Opcode 42)
        0032: B6 -> UNKNOWN (Opcode 182)
        0033: 00 -> NOP
        0034: 3B -> UNKNOWN (Opcode 59)
        0035: 2C -> UNKNOWN (Opcode 44)
        0036: B6 -> UNKNOWN (Opcode 182)
        0037: 00 -> NOP
        0038: 3B -> UNKNOWN (Opcode 59)
        0039: B8 -> UNKNOWN (Opcode 184)
        0040: 00 -> NOP
        0041: 35 -> UNKNOWN (Opcode 53)
        0042: 99 -> UNKNOWN (Opcode 153)
        0043: 00 -> NOP
        0044: 07 -> ICONST_4
        0045: 04 -> ICONST_1
        0046: A7 -> UNKNOWN (Opcode 167)
        0047: 00 -> NOP
        0048: 04 -> ICONST_1
        0049: 03 -> ICONST_0
        0050: AC -> UNKNOWN (Opcode 172)
[NOP, ICONST_5, NOP, FCONST_0, NOP, ICONST_5, NOP, ICONST_2, ICONST_0, NOP, NOP, NOP, NOP, NOP, NOP, NOP, NOP, ICONST_4, ICONST_1, NOP, ICONST_1, ICONST_0]

      exception_table_length: 0
      attributes_count: 3
        attr_index: 74, length: 10, data: 00020000002a0011002b
        attr_index: 75, length: 42, data: 0004000c00030054004d000200000033004c004d000000000033005500560001001100220054004d0002
        attr_index: 87, length: 12, data: 00040ffc00010700081f4001
Attribute NameCode
      max_stack: 4, max_locals: 1, code_length: 22
      bytecode disassembly:
        0000: 05 -> ICONST_2
        0001: BD -> UNKNOWN (Opcode 189)
        0002: 00 -> NOP
        0003: 02 -> ICONST_M1
        0004: 59 -> UNKNOWN (Opcode 89)
        0005: 03 -> ICONST_0
        0006: 2A -> UNKNOWN (Opcode 42)
        0007: B6 -> UNKNOWN (Opcode 182)
        0008: 00 -> NOP
        0009: 31 -> UNKNOWN (Opcode 49)
        0010: 53 -> UNKNOWN (Opcode 83)
        0011: 59 -> UNKNOWN (Opcode 89)
        0012: 04 -> ICONST_1
        0013: 2A -> UNKNOWN (Opcode 42)
        0014: B6 -> UNKNOWN (Opcode 182)
        0015: 00 -> NOP
        0016: 3B -> UNKNOWN (Opcode 59)
        0017: 53 -> UNKNOWN (Opcode 83)
        0018: B8 -> UNKNOWN (Opcode 184)
        0019: 00 -> NOP
        0020: 3E -> UNKNOWN (Opcode 62)
        0021: AC -> UNKNOWN (Opcode 172)
[ICONST_2, NOP, ICONST_M1, ICONST_0, NOP, ICONST_1, NOP, NOP]

      exception_table_length: 0
      attributes_count: 2
        attr_index: 74, length: 6, data: 000100000030
        attr_index: 75, length: 12, data: 000100000016004c004d0000
Attribute NameCode
      max_stack: 1, max_locals: 1, code_length: 5
      bytecode disassembly:
        0000: 2A -> UNKNOWN (Opcode 42)
        0001: B4 -> UNKNOWN (Opcode 180)
        0002: 00 -> NOP
        0003: 07 -> ICONST_4
        0004: B0 -> UNKNOWN (Opcode 176)
[NOP, ICONST_4]

      exception_table_length: 0
      attributes_count: 2
        attr_index: 74, length: 6, data: 000100000034
        attr_index: 75, length: 12, data: 000100000005004c004d0000
Attribute NameCode
      max_stack: 2, max_locals: 2, code_length: 6
      bytecode disassembly:
        0000: 2A -> UNKNOWN (Opcode 42)
        0001: 2B -> UNKNOWN (Opcode 43)
        0002: B5 -> UNKNOWN (Opcode 181)
        0003: 00 -> NOP
        0004: 07 -> ICONST_4
        0005: B1 -> UNKNOWN (Opcode 177)
[NOP, ICONST_4]

      exception_table_length: 0
      attributes_count: 2
        attr_index: 74, length: 10, data: 00020000003800050039
        attr_index: 75, length: 22, data: 000200000006004c004d000000000006000b000c0001
Attribute NameCode
      max_stack: 1, max_locals: 1, code_length: 5
      bytecode disassembly:
        0000: 2A -> UNKNOWN (Opcode 42)
        0001: B4 -> UNKNOWN (Opcode 180)
        0002: 00 -> NOP
        0003: 0D -> FCONST_2
        0004: B0 -> UNKNOWN (Opcode 176)
[NOP, FCONST_2]

      exception_table_length: 0
      attributes_count: 2
        attr_index: 74, length: 6, data: 00010000003c
        attr_index: 75, length: 12, data: 000100000005004c004d0000
Attribute NameCode
      max_stack: 2, max_locals: 2, code_length: 6
      bytecode disassembly:
        0000: 2A -> UNKNOWN (Opcode 42)
        0001: 2B -> UNKNOWN (Opcode 43)
        0002: B5 -> UNKNOWN (Opcode 181)
        0003: 00 -> NOP
        0004: 0D -> FCONST_2
        0005: B1 -> UNKNOWN (Opcode 177)
[NOP, FCONST_2]

      exception_table_length: 0
      attributes_count: 2
        attr_index: 74, length: 10, data: 00020000004000050041
        attr_index: 75, length: 22, data: 000200000006004c004d000000000006000f000c0001
Attribute NameCode
      max_stack: 1, max_locals: 1, code_length: 5
      bytecode disassembly:
        0000: 2A -> UNKNOWN (Opcode 42)
        0001: B4 -> UNKNOWN (Opcode 180)
        0002: 00 -> NOP
        0003: 13 -> UNKNOWN (Opcode 19)
        0004: B0 -> UNKNOWN (Opcode 176)
[NOP]

      exception_table_length: 0
      attributes_count: 2
        attr_index: 74, length: 6, data: 000100000044
        attr_index: 75, length: 12, data: 000100000005004c004d0000
Attribute NameSignature
Attribute NameCode
      max_stack: 2, max_locals: 2, code_length: 6
      bytecode disassembly:
        0000: 2A -> UNKNOWN (Opcode 42)
        0001: 2B -> UNKNOWN (Opcode 43)
        0002: B5 -> UNKNOWN (Opcode 181)
        0003: 00 -> NOP
        0004: 13 -> UNKNOWN (Opcode 19)
        0005: B1 -> UNKNOWN (Opcode 177)
[NOP]

      exception_table_length: 0
      attributes_count: 3
        attr_index: 74, length: 10, data: 00020000004800050049
        attr_index: 75, length: 22, data: 000200000006004c004d000000000006001500160001
        attr_index: 79, length: 12, data: 000100000006001500470001
Attribute NameSignature
Attribute NameCode
      max_stack: 2, max_locals: 2, code_length: 10
      bytecode disassembly:
        0000: 2A -> UNKNOWN (Opcode 42)
        0001: B4 -> UNKNOWN (Opcode 180)
        0002: 00 -> NOP
        0003: 13 -> UNKNOWN (Opcode 19)
        0004: 2B -> UNKNOWN (Opcode 43)
        0005: B6 -> UNKNOWN (Opcode 182)
        0006: 00 -> NOP
        0007: 42 -> UNKNOWN (Opcode 66)
        0008: 57 -> UNKNOWN (Opcode 87)
        0009: B1 -> UNKNOWN (Opcode 177)
[NOP, NOP]

      exception_table_length: 0
      attributes_count: 2
        attr_index: 74, length: 10, data: 00020000004c0009004d
        attr_index: 75, length: 22, data: 00020000000a004c004d00000000000a006500660001
Attribute NameCode
      max_stack: 1, max_locals: 1, code_length: 5
      bytecode disassembly:
        0000: 2A -> UNKNOWN (Opcode 42)
        0001: B7 -> UNKNOWN (Opcode 183)
        0002: 00 -> NOP
        0003: 01 -> ACONST_NULL
        0004: B1 -> UNKNOWN (Opcode 177)
[NOP, ACONST_NULL]

      exception_table_length: 0
      attributes_count: 2
        attr_index: 62, length: 6, data: 000100000003
        attr_index: 63, length: 12, data: 000100000005004000410000
Attribute NameCode
      max_stack: 4, max_locals: 8, code_length: 148
      bytecode disassembly:
        0000: BB -> UNKNOWN (Opcode 187)
        0001: 00 -> NOP
        0002: 07 -> ICONST_4
        0003: 59 -> UNKNOWN (Opcode 89)
        0004: 12 -> LDC #9
        0006: 12 -> LDC #11
        0008: B7 -> UNKNOWN (Opcode 183)
        0009: 00 -> NOP
        0010: 0D -> FCONST_2
        0011: 4C -> UNKNOWN (Opcode 76)
        0012: BB -> UNKNOWN (Opcode 187)
        0013: 00 -> NOP
        0014: 07 -> ICONST_4
        0015: 59 -> UNKNOWN (Opcode 89)
        0016: 12 -> LDC #16
        0018: 12 -> LDC #18
        0020: B7 -> UNKNOWN (Opcode 183)
        0021: 00 -> NOP
        0022: 0D -> FCONST_2
        0023: 4D -> UNKNOWN (Opcode 77)
        0024: BB -> UNKNOWN (Opcode 187)
        0025: 00 -> NOP
        0026: 07 -> ICONST_4
        0027: 59 -> UNKNOWN (Opcode 89)
        0028: 12 -> LDC #9
        0030: 12 -> LDC #11
        0032: B7 -> UNKNOWN (Opcode 183)
        0033: 00 -> NOP
        0034: 0D -> FCONST_2
        0035: 4E -> UNKNOWN (Opcode 78)
        0036: BB -> UNKNOWN (Opcode 187)
        0037: 00 -> NOP
        0038: 14 -> UNKNOWN (Opcode 20)
        0039: 59 -> UNKNOWN (Opcode 89)
        0040: 12 -> LDC #22
        0042: B7 -> UNKNOWN (Opcode 183)
        0043: 00 -> NOP
        0044: 18 -> UNKNOWN (Opcode 24)
        0045: 3A -> UNKNOWN (Opcode 58)
        0046: 04 -> ICONST_1
        0047: BB -> UNKNOWN (Opcode 187)
        0048: 00 -> NOP
        0049: 14 -> UNKNOWN (Opcode 20)
        0050: 59 -> UNKNOWN (Opcode 89)
        0051: 12 -> LDC #27
        0053: B7 -> UNKNOWN (Opcode 183)
        0054: 00 -> NOP
        0055: 18 -> UNKNOWN (Opcode 24)
        0056: 3A -> UNKNOWN (Opcode 58)
        0057: 05 -> ICONST_2
        0058: BB -> UNKNOWN (Opcode 187)
        0059: 00 -> NOP
        0060: 1D -> UNKNOWN (Opcode 29)
        0061: 59 -> UNKNOWN (Opcode 89)
        0062: 12 -> LDC #31
        0064: B7 -> UNKNOWN (Opcode 183)
        0065: 00 -> NOP
        0066: 21 -> UNKNOWN (Opcode 33)
        0067: 3A -> UNKNOWN (Opcode 58)
        0068: 06 -> ICONST_3
        0069: BB -> UNKNOWN (Opcode 187)
        0070: 00 -> NOP
        0071: 1D -> UNKNOWN (Opcode 29)
        0072: 59 -> UNKNOWN (Opcode 89)
        0073: 12 -> LDC #34
        0075: B7 -> UNKNOWN (Opcode 183)
        0076: 00 -> NOP
        0077: 21 -> UNKNOWN (Opcode 33)
        0078: 3A -> UNKNOWN (Opcode 58)
        0079: 07 -> ICONST_4
        0080: 2B -> UNKNOWN (Opcode 43)
        0081: 19 -> UNKNOWN (Opcode 25)
        0082: 04 -> ICONST_1
        0083: B6 -> UNKNOWN (Opcode 182)
        0084: 00 -> NOP
        0085: 24 -> UNKNOWN (Opcode 36)
        0086: 2B -> UNKNOWN (Opcode 43)
        0087: 19 -> UNKNOWN (Opcode 25)
        0088: 07 -> ICONST_4
        0089: B6 -> UNKNOWN (Opcode 182)
        0090: 00 -> NOP
        0091: 24 -> UNKNOWN (Opcode 36)
        0092: 2C -> UNKNOWN (Opcode 44)
        0093: 19 -> UNKNOWN (Opcode 25)
        0094: 05 -> ICONST_2
        0095: B6 -> UNKNOWN (Opcode 182)
        0096: 00 -> NOP
        0097: 24 -> UNKNOWN (Opcode 36)
        0098: 2D -> UNKNOWN (Opcode 45)
        0099: 19 -> UNKNOWN (Opcode 25)
        0100: 06 -> ICONST_3
        0101: B6 -> UNKNOWN (Opcode 182)
        0102: 00 -> NOP
        0103: 24 -> UNKNOWN (Opcode 36)
        0104: B2 -> GETSTATIC #40
        0107: 2B -> UNKNOWN (Opcode 43)
        0108: B6 -> UNKNOWN (Opcode 182)
        0109: 00 -> NOP
        0110: 2E -> UNKNOWN (Opcode 46)
        0111: B2 -> GETSTATIC #40
        0114: 2C -> UNKNOWN (Opcode 44)
        0115: B6 -> UNKNOWN (Opcode 182)
        0116: 00 -> NOP
        0117: 2E -> UNKNOWN (Opcode 46)
        0118: B2 -> GETSTATIC #40
        0121: 2D -> UNKNOWN (Opcode 45)
        0122: B6 -> UNKNOWN (Opcode 182)
        0123: 00 -> NOP
        0124: 2E -> UNKNOWN (Opcode 46)
        0125: B2 -> GETSTATIC #40
        0128: 2B -> UNKNOWN (Opcode 43)
        0129: 2C -> UNKNOWN (Opcode 44)
        0130: B6 -> UNKNOWN (Opcode 182)
        0131: 00 -> NOP
        0132: 34 -> UNKNOWN (Opcode 52)
        0133: B6 -> UNKNOWN (Opcode 182)
        0134: 00 -> NOP
        0135: 38 -> UNKNOWN (Opcode 56)
        0136: B2 -> GETSTATIC #40
        0139: 2B -> UNKNOWN (Opcode 43)
        0140: 2D -> UNKNOWN (Opcode 45)
        0141: B6 -> UNKNOWN (Opcode 182)
        0142: 00 -> NOP
        0143: 34 -> UNKNOWN (Opcode 52)
        0144: B6 -> UNKNOWN (Opcode 182)
        0145: 00 -> NOP
        0146: 38 -> UNKNOWN (Opcode 56)
        0147: B1 -> UNKNOWN (Opcode 177)
[NOP, ICONST_4, LDC, LDC, NOP, FCONST_2, NOP, ICONST_4, LDC, LDC, NOP, FCONST_2, NOP, ICONST_4, LDC, LDC, NOP, FCONST_2, NOP, LDC, NOP, ICONST_1, NOP, LDC, NOP, ICONST_2, NOP, LDC, NOP, ICONST_3, NOP, LDC, NOP, ICONST_4, ICONST_1, NOP, ICONST_4, NOP, ICONST_2, NOP, ICONST_3, NOP, GETSTATIC, NOP, GETSTATIC, NOP, GETSTATIC, NOP, GETSTATIC, NOP, NOP, GETSTATIC, NOP, NOP]

      exception_table_length: 0
      attributes_count: 2
        attr_index: 62, length: 70, data: 001100000005000c00060018000700240009002f000a003a000b0045000c0050000e0056000f005c00100062001100680013006f001400760015007d00170088001800930019
        attr_index: 63, length: 82, data: 000800000094004400450000000c00880046004700010018007c00480047000200240070004900470003002f0065004a004b0004003a005a004c004b00050045004f004d004e000600500044004f004e0007
Attribute NameCode
      max_stack: 2, max_locals: 2, code_length: 12
      bytecode disassembly:
        0000: 2A -> UNKNOWN (Opcode 42)
        0001: 2B -> UNKNOWN (Opcode 43)
        0002: B7 -> UNKNOWN (Opcode 183)
        0003: 00 -> NOP
        0004: 01 -> ACONST_NULL
        0005: 2A -> UNKNOWN (Opcode 42)
        0006: 10 -> UNKNOWN (Opcode 16)
        0007: 09 -> UNKNOWN (Opcode 9)
        0008: B5 -> UNKNOWN (Opcode 181)
        0009: 00 -> NOP
        0010: 07 -> ICONST_4
        0011: B1 -> UNKNOWN (Opcode 177)
[NOP, ACONST_NULL, NOP, ICONST_4]

      exception_table_length: 0
      attributes_count: 2
        attr_index: 35, length: 14, data: 00030000000700050008000b0009
        attr_index: 36, length: 22, data: 00020000000c0025002600000000000c002700280001
Attribute NameCode
      max_stack: 2, max_locals: 1, code_length: 9
      bytecode disassembly:
        0000: B2 -> GETSTATIC #13
        0003: 12 -> LDC #19
        0005: B6 -> UNKNOWN (Opcode 182)
        0006: 00 -> NOP
        0007: 15 -> UNKNOWN (Opcode 21)
        0008: B1 -> UNKNOWN (Opcode 177)
[GETSTATIC, LDC, NOP]

      exception_table_length: 0
      attributes_count: 2
        attr_index: 35, length: 10, data: 00020000000d0008000e
        attr_index: 36, length: 12, data: 000100000009002500260000
Attribute NameCode
      max_stack: 2, max_locals: 1, code_length: 14
      bytecode disassembly:
        0000: 2A -> UNKNOWN (Opcode 42)
        0001: B4 -> UNKNOWN (Opcode 180)
        0002: 00 -> NOP
        0003: 07 -> ICONST_4
        0004: 2A -> UNKNOWN (Opcode 42)
        0005: B7 -> UNKNOWN (Opcode 183)
        0006: 00 -> NOP
        0007: 1A -> UNKNOWN (Opcode 26)
        0008: BA -> UNKNOWN (Opcode 186)
        0009: 00 -> NOP
        0010: 1E -> UNKNOWN (Opcode 30)
        0011: 00 -> NOP
        0012: 00 -> NOP
        0013: B0 -> UNKNOWN (Opcode 176)
[NOP, ICONST_4, NOP, NOP, NOP, NOP]

      exception_table_length: 0
      attributes_count: 2
        attr_index: 35, length: 14, data: 00030000001200050014000d0012
        attr_index: 36, length: 12, data: 00010000000e002500260000
Attribute NameCode
      max_stack: 2, max_locals: 2, code_length: 6
      bytecode disassembly:
        0000: 2A -> UNKNOWN (Opcode 42)
        0001: 2B -> UNKNOWN (Opcode 43)
        0002: B7 -> UNKNOWN (Opcode 183)
        0003: 00 -> NOP
        0004: 01 -> ACONST_NULL
        0005: B1 -> UNKNOWN (Opcode 177)
[NOP, ACONST_NULL]

      exception_table_length: 0
      attributes_count: 2
        attr_index: 31, length: 10, data: 00020000000600050007
        attr_index: 32, length: 22, data: 00020000000600210022000000000006002300240001
Attribute NameCode
      max_stack: 2, max_locals: 1, code_length: 9
      bytecode disassembly:
        0000: B2 -> GETSTATIC #7
        0003: 12 -> LDC #13
        0005: B6 -> UNKNOWN (Opcode 182)
        0006: 00 -> NOP
        0007: 0F -> UNKNOWN (Opcode 15)
        0008: B1 -> UNKNOWN (Opcode 177)
[GETSTATIC, LDC, NOP]

      exception_table_length: 0
      attributes_count: 2
        attr_index: 31, length: 10, data: 00020000000b0008000c
        attr_index: 32, length: 12, data: 000100000009002100220000
Attribute NameCode
      max_stack: 1, max_locals: 1, code_length: 10
      bytecode disassembly:
        0000: 2A -> UNKNOWN (Opcode 42)
        0001: B7 -> UNKNOWN (Opcode 183)
        0002: 00 -> NOP
        0003: 14 -> UNKNOWN (Opcode 20)
        0004: BA -> UNKNOWN (Opcode 186)
        0005: 00 -> NOP
        0006: 18 -> UNKNOWN (Opcode 24)
        0007: 00 -> NOP
        0008: 00 -> NOP
        0009: B0 -> UNKNOWN (Opcode 176)
[NOP, NOP, NOP, NOP]

      exception_table_length: 0
      attributes_count: 2
        attr_index: 31, length: 6, data: 000100000010
        attr_index: 32, length: 12, data: 00010000000a002100220000
Attribute NameCode
      max_stack: 1, max_locals: 1, code_length: 5
      bytecode disassembly:
        0000: 2A -> UNKNOWN (Opcode 42)
        0001: B7 -> UNKNOWN (Opcode 183)
        0002: 00 -> NOP
        0003: 01 -> ACONST_NULL
        0004: B1 -> UNKNOWN (Opcode 177)
[NOP, ACONST_NULL]

      exception_table_length: 0
      attributes_count: 2
        attr_index: 24, length: 6, data: 000100000003
        attr_index: 25, length: 12, data: 000100000005001a001b0000
Attribute NameCode
      max_stack: 2, max_locals: 1, code_length: 9
      bytecode disassembly:
        0000: B2 -> GETSTATIC #7
        0003: 12 -> LDC #13
        0005: B6 -> UNKNOWN (Opcode 182)
        0006: 00 -> NOP
        0007: 0F -> UNKNOWN (Opcode 15)
        0008: B1 -> UNKNOWN (Opcode 177)
[GETSTATIC, LDC, NOP]

      exception_table_length: 0
      attributes_count: 2
        attr_index: 24, length: 10, data: 00020000000500080006
        attr_index: 25, length: 12, data: 000100000009001a001b0000
]]></system-out>
    <system-err><![CDATA[Feb 10, 2026 9:08:07 AM xyz.metratrj.jbyteinspector.core.JByteInspectorEngine analyzeJar
INFO: Analyzing JAR: /home/metratrj/sources/JInspector/Code/jbi-tests/target/test-classes/fixtures.jar/jbi-examples-1.0.0.jar
Feb 10, 2026 9:08:08 AM xyz.metratrj.jbyteinspector.io.FileUtils findFiles
INFO: Starting recursive file search in: /
Feb 10, 2026 9:08:08 AM xyz.metratrj.jbyteinspector.io.FileUtils$1 visitFile
INFO: Found file: /
Feb 10, 2026 9:08:08 AM xyz.metratrj.jbyteinspector.io.FileUtils$1 visitFile
INFO: Found file: /
Feb 10, 2026 9:08:08 AM xyz.metratrj.jbyteinspector.io.FileUtils$1 visitFile
INFO: Found file: /
Feb 10, 2026 9:08:08 AM xyz.metratrj.jbyteinspector.io.FileUtils$1 visitFile
INFO: Found file: /
Feb 10, 2026 9:08:08 AM xyz.metratrj.jbyteinspector.io.FileUtils$1 visitFile
INFO: Found file: /
Feb 10, 2026 9:08:08 AM xyz.metratrj.jbyteinspector.io.FileUtils$1 visitFile
INFO: Found file: /
Feb 10, 2026 9:08:08 AM xyz.metratrj.jbyteinspector.parser.classfile.ClassFile parse
INFO: Starting to parse class file: /xyz/metratrj/jbyteinspector/examples/animals/Tier.class
Feb 10, 2026 9:08:08 AM xyz.metratrj.jbyteinspector.parser.classfile.ClassFile parse
INFO: Successfully parsed class file: /xyz/metratrj/jbyteinspector/examples/animals/Tier.class
Feb 10, 2026 9:08:08 AM xyz.metratrj.jbyteinspector.parser.classfile.ClassFile parse
INFO: Starting to parse class file: /xyz/metratrj/jbyteinspector/examples/animals/Person.class
Feb 10, 2026 9:08:08 AM xyz.metratrj.jbyteinspector.parser.classfile.ClassFile parse
INFO: Successfully parsed class file: /xyz/metratrj/jbyteinspector/examples/animals/Person.class
Feb 10, 2026 9:08:08 AM xyz.metratrj.jbyteinspector.parser.classfile.ClassFile parse
INFO: Starting to parse class file: /xyz/metratrj/jbyteinspector/examples/animals/Main.class
Feb 10, 2026 9:08:08 AM xyz.metratrj.jbyteinspector.parser.classfile.ClassFile parse
INFO: Successfully parsed class file: /xyz/metratrj/jbyteinspector/examples/animals/Main.class
Feb 10, 2026 9:08:08 AM xyz.metratrj.jbyteinspector.parser.classfile.ClassFile parse
INFO: Starting to parse class file: /xyz/metratrj/jbyteinspector/examples/animals/Katze.class
Feb 10, 2026 9:08:08 AM xyz.metratrj.jbyteinspector.parser.classfile.ClassFile parse
INFO: Successfully parsed class file: /xyz/metratrj/jbyteinspector/examples/animals/Katze.class
Feb 10, 2026 9:08:08 AM xyz.metratrj.jbyteinspector.parser.classfile.ClassFile parse
INFO: Starting to parse class file: /xyz/metratrj/jbyteinspector/examples/animals/Esel.class
Feb 10, 2026 9:08:08 AM xyz.metratrj.jbyteinspector.parser.classfile.ClassFile parse
INFO: Successfully parsed class file: /xyz/metratrj/jbyteinspector/examples/animals/Esel.class
Feb 10, 2026 9:08:08 AM xyz.metratrj.jbyteinspector.parser.classfile.ClassFile parse
INFO: Starting to parse class file: /xyz/metratrj/jbyteinspector/examples/Example.class
Feb 10, 2026 9:08:08 AM xyz.metratrj.jbyteinspector.parser.classfile.ClassFile parse
INFO: Successfully parsed class file: /xyz/metratrj/jbyteinspector/examples/Example.class
]]></system-err>
  </testcase>
  <testcase name="testEmptyDirectoryAnalysis" classname="xyz.metratrj.jbyteinspector.tests.PipelineIntegrationTest" time="0.105">
    <system-err><![CDATA[Feb 10, 2026 9:08:08 AM xyz.metratrj.jbyteinspector.io.FileUtils findFiles
INFO: Starting recursive file search in: /tmp/empty-classes15410207640471923996
]]></system-err>
  </testcase>
  <testcase name="testSingleFileAnalysis" classname="xyz.metratrj.jbyteinspector.tests.PipelineIntegrationTest" time="0.06">
    <system-out><![CDATA[Attribute NameCode
      max_stack: 2, max_locals: 2, code_length: 6
      bytecode disassembly:
        0000: 2A -> UNKNOWN (Opcode 42)
        0001: 2B -> UNKNOWN (Opcode 43)
        0002: B7 -> UNKNOWN (Opcode 183)
        0003: 00 -> NOP
        0004: 01 -> ACONST_NULL
        0005: B1 -> UNKNOWN (Opcode 177)
[NOP, ACONST_NULL]

      exception_table_length: 0
      attributes_count: 2
        attr_index: 31, length: 10, data: 00020000000600050007
        attr_index: 32, length: 22, data: 00020000000600210022000000000006002300240001
Attribute NameCode
      max_stack: 2, max_locals: 1, code_length: 9
      bytecode disassembly:
        0000: B2 -> GETSTATIC #7
        0003: 12 -> LDC #13
        0005: B6 -> UNKNOWN (Opcode 182)
        0006: 00 -> NOP
        0007: 0F -> UNKNOWN (Opcode 15)
        0008: B1 -> UNKNOWN (Opcode 177)
[GETSTATIC, LDC, NOP]

      exception_table_length: 0
      attributes_count: 2
        attr_index: 31, length: 10, data: 00020000000b0008000c
        attr_index: 32, length: 12, data: 000100000009002100220000
Attribute NameCode
      max_stack: 1, max_locals: 1, code_length: 10
      bytecode disassembly:
        0000: 2A -> UNKNOWN (Opcode 42)
        0001: B7 -> UNKNOWN (Opcode 183)
        0002: 00 -> NOP
        0003: 14 -> UNKNOWN (Opcode 20)
        0004: BA -> UNKNOWN (Opcode 186)
        0005: 00 -> NOP
        0006: 18 -> UNKNOWN (Opcode 24)
        0007: 00 -> NOP
        0008: 00 -> NOP
        0009: B0 -> UNKNOWN (Opcode 176)
[NOP, NOP, NOP, NOP]

      exception_table_length: 0
      attributes_count: 2
        attr_index: 31, length: 6, data: 000100000010
        attr_index: 32, length: 12, data: 00010000000a002100220000
]]></system-out>
    <system-err><![CDATA[Feb 10, 2026 9:08:08 AM xyz.metratrj.jbyteinspector.io.FileUtils findFiles
INFO: Starting recursive file search in: /home/metratrj/sources/JInspector/Code/jbi-tests/target/test-classes/fixtures/animals/Esel.class
Feb 10, 2026 9:08:08 AM xyz.metratrj.jbyteinspector.io.FileUtils findFiles
INFO: Found file: /home/metratrj/sources/JInspector/Code/jbi-tests/target/test-classes/fixtures/animals/Esel.class
Feb 10, 2026 9:08:08 AM xyz.metratrj.jbyteinspector.parser.classfile.ClassFile parse
INFO: Starting to parse class file: /home/metratrj/sources/JInspector/Code/jbi-tests/target/test-classes/fixtures/animals/Esel.class
Feb 10, 2026 9:08:08 AM xyz.metratrj.jbyteinspector.parser.classfile.ClassFile parse
INFO: Successfully parsed class file: /home/metratrj/sources/JInspector/Code/jbi-tests/target/test-classes/fixtures/animals/Esel.class
]]></system-err>
  </testcase>
  <testcase name="testFullPipelineWithAnimalExamples" classname="xyz.metratrj.jbyteinspector.tests.PipelineIntegrationTest" time="0.097">
    <system-out><![CDATA[Attribute NameCode
      max_stack: 2, max_locals: 2, code_length: 6
      bytecode disassembly:
        0000: 2A -> UNKNOWN (Opcode 42)
        0001: 2B -> UNKNOWN (Opcode 43)
        0002: B7 -> UNKNOWN (Opcode 183)
        0003: 00 -> NOP
        0004: 01 -> ACONST_NULL
        0005: B1 -> UNKNOWN (Opcode 177)
[NOP, ACONST_NULL]

      exception_table_length: 0
      attributes_count: 2
        attr_index: 31, length: 10, data: 00020000000600050007
        attr_index: 32, length: 22, data: 00020000000600210022000000000006002300240001
Attribute NameCode
      max_stack: 2, max_locals: 1, code_length: 9
      bytecode disassembly:
        0000: B2 -> GETSTATIC #7
        0003: 12 -> LDC #13
        0005: B6 -> UNKNOWN (Opcode 182)
        0006: 00 -> NOP
        0007: 0F -> UNKNOWN (Opcode 15)
        0008: B1 -> UNKNOWN (Opcode 177)
[GETSTATIC, LDC, NOP]

      exception_table_length: 0
      attributes_count: 2
        attr_index: 31, length: 10, data: 00020000000b0008000c
        attr_index: 32, length: 12, data: 000100000009002100220000
Attribute NameCode
      max_stack: 1, max_locals: 1, code_length: 10
      bytecode disassembly:
        0000: 2A -> UNKNOWN (Opcode 42)
        0001: B7 -> UNKNOWN (Opcode 183)
        0002: 00 -> NOP
        0003: 14 -> UNKNOWN (Opcode 20)
        0004: BA -> UNKNOWN (Opcode 186)
        0005: 00 -> NOP
        0006: 18 -> UNKNOWN (Opcode 24)
        0007: 00 -> NOP
        0008: 00 -> NOP
        0009: B0 -> UNKNOWN (Opcode 176)
[NOP, NOP, NOP, NOP]

      exception_table_length: 0
      attributes_count: 2
        attr_index: 31, length: 6, data: 000100000010
        attr_index: 32, length: 12, data: 00010000000a002100220000
Attribute NameCode
      max_stack: 2, max_locals: 2, code_length: 12
      bytecode disassembly:
        0000: 2A -> UNKNOWN (Opcode 42)
        0001: 2B -> UNKNOWN (Opcode 43)
        0002: B7 -> UNKNOWN (Opcode 183)
        0003: 00 -> NOP
        0004: 01 -> ACONST_NULL
        0005: 2A -> UNKNOWN (Opcode 42)
        0006: 10 -> UNKNOWN (Opcode 16)
        0007: 09 -> UNKNOWN (Opcode 9)
        0008: B5 -> UNKNOWN (Opcode 181)
        0009: 00 -> NOP
        0010: 07 -> ICONST_4
        0011: B1 -> UNKNOWN (Opcode 177)
[NOP, ACONST_NULL, NOP, ICONST_4]

      exception_table_length: 0
      attributes_count: 2
        attr_index: 35, length: 14, data: 00030000000700050008000b0009
        attr_index: 36, length: 22, data: 00020000000c0025002600000000000c002700280001
Attribute NameCode
      max_stack: 2, max_locals: 1, code_length: 9
      bytecode disassembly:
        0000: B2 -> GETSTATIC #13
        0003: 12 -> LDC #19
        0005: B6 -> UNKNOWN (Opcode 182)
        0006: 00 -> NOP
        0007: 15 -> UNKNOWN (Opcode 21)
        0008: B1 -> UNKNOWN (Opcode 177)
[GETSTATIC, LDC, NOP]

      exception_table_length: 0
      attributes_count: 2
        attr_index: 35, length: 10, data: 00020000000d0008000e
        attr_index: 36, length: 12, data: 000100000009002500260000
Attribute NameCode
      max_stack: 2, max_locals: 1, code_length: 14
      bytecode disassembly:
        0000: 2A -> UNKNOWN (Opcode 42)
        0001: B4 -> UNKNOWN (Opcode 180)
        0002: 00 -> NOP
        0003: 07 -> ICONST_4
        0004: 2A -> UNKNOWN (Opcode 42)
        0005: B7 -> UNKNOWN (Opcode 183)
        0006: 00 -> NOP
        0007: 1A -> UNKNOWN (Opcode 26)
        0008: BA -> UNKNOWN (Opcode 186)
        0009: 00 -> NOP
        0010: 1E -> UNKNOWN (Opcode 30)
        0011: 00 -> NOP
        0012: 00 -> NOP
        0013: B0 -> UNKNOWN (Opcode 176)
[NOP, ICONST_4, NOP, NOP, NOP, NOP]

      exception_table_length: 0
      attributes_count: 2
        attr_index: 35, length: 14, data: 00030000001200050014000d0012
        attr_index: 36, length: 12, data: 00010000000e002500260000
Attribute NameCode
      max_stack: 1, max_locals: 1, code_length: 5
      bytecode disassembly:
        0000: 2A -> UNKNOWN (Opcode 42)
        0001: B7 -> UNKNOWN (Opcode 183)
        0002: 00 -> NOP
        0003: 01 -> ACONST_NULL
        0004: B1 -> UNKNOWN (Opcode 177)
[NOP, ACONST_NULL]

      exception_table_length: 0
      attributes_count: 2
        attr_index: 62, length: 6, data: 000100000003
        attr_index: 63, length: 12, data: 000100000005004000410000
Attribute NameCode
      max_stack: 4, max_locals: 8, code_length: 148
      bytecode disassembly:
        0000: BB -> UNKNOWN (Opcode 187)
        0001: 00 -> NOP
        0002: 07 -> ICONST_4
        0003: 59 -> UNKNOWN (Opcode 89)
        0004: 12 -> LDC #9
        0006: 12 -> LDC #11
        0008: B7 -> UNKNOWN (Opcode 183)
        0009: 00 -> NOP
        0010: 0D -> FCONST_2
        0011: 4C -> UNKNOWN (Opcode 76)
        0012: BB -> UNKNOWN (Opcode 187)
        0013: 00 -> NOP
        0014: 07 -> ICONST_4
        0015: 59 -> UNKNOWN (Opcode 89)
        0016: 12 -> LDC #16
        0018: 12 -> LDC #18
        0020: B7 -> UNKNOWN (Opcode 183)
        0021: 00 -> NOP
        0022: 0D -> FCONST_2
        0023: 4D -> UNKNOWN (Opcode 77)
        0024: BB -> UNKNOWN (Opcode 187)
        0025: 00 -> NOP
        0026: 07 -> ICONST_4
        0027: 59 -> UNKNOWN (Opcode 89)
        0028: 12 -> LDC #9
        0030: 12 -> LDC #11
        0032: B7 -> UNKNOWN (Opcode 183)
        0033: 00 -> NOP
        0034: 0D -> FCONST_2
        0035: 4E -> UNKNOWN (Opcode 78)
        0036: BB -> UNKNOWN (Opcode 187)
        0037: 00 -> NOP
        0038: 14 -> UNKNOWN (Opcode 20)
        0039: 59 -> UNKNOWN (Opcode 89)
        0040: 12 -> LDC #22
        0042: B7 -> UNKNOWN (Opcode 183)
        0043: 00 -> NOP
        0044: 18 -> UNKNOWN (Opcode 24)
        0045: 3A -> UNKNOWN (Opcode 58)
        0046: 04 -> ICONST_1
        0047: BB -> UNKNOWN (Opcode 187)
        0048: 00 -> NOP
        0049: 14 -> UNKNOWN (Opcode 20)
        0050: 59 -> UNKNOWN (Opcode 89)
        0051: 12 -> LDC #27
        0053: B7 -> UNKNOWN (Opcode 183)
        0054: 00 -> NOP
        0055: 18 -> UNKNOWN (Opcode 24)
        0056: 3A -> UNKNOWN (Opcode 58)
        0057: 05 -> ICONST_2
        0058: BB -> UNKNOWN (Opcode 187)
        0059: 00 -> NOP
        0060: 1D -> UNKNOWN (Opcode 29)
        0061: 59 -> UNKNOWN (Opcode 89)
        0062: 12 -> LDC #31
        0064: B7 -> UNKNOWN (Opcode 183)
        0065: 00 -> NOP
        0066: 21 -> UNKNOWN (Opcode 33)
        0067: 3A -> UNKNOWN (Opcode 58)
        0068: 06 -> ICONST_3
        0069: BB -> UNKNOWN (Opcode 187)
        0070: 00 -> NOP
        0071: 1D -> UNKNOWN (Opcode 29)
        0072: 59 -> UNKNOWN (Opcode 89)
        0073: 12 -> LDC #34
        0075: B7 -> UNKNOWN (Opcode 183)
        0076: 00 -> NOP
        0077: 21 -> UNKNOWN (Opcode 33)
        0078: 3A -> UNKNOWN (Opcode 58)
        0079: 07 -> ICONST_4
        0080: 2B -> UNKNOWN (Opcode 43)
        0081: 19 -> UNKNOWN (Opcode 25)
        0082: 04 -> ICONST_1
        0083: B6 -> UNKNOWN (Opcode 182)
        0084: 00 -> NOP
        0085: 24 -> UNKNOWN (Opcode 36)
        0086: 2B -> UNKNOWN (Opcode 43)
        0087: 19 -> UNKNOWN (Opcode 25)
        0088: 07 -> ICONST_4
        0089: B6 -> UNKNOWN (Opcode 182)
        0090: 00 -> NOP
        0091: 24 -> UNKNOWN (Opcode 36)
        0092: 2C -> UNKNOWN (Opcode 44)
        0093: 19 -> UNKNOWN (Opcode 25)
        0094: 05 -> ICONST_2
        0095: B6 -> UNKNOWN (Opcode 182)
        0096: 00 -> NOP
        0097: 24 -> UNKNOWN (Opcode 36)
        0098: 2D -> UNKNOWN (Opcode 45)
        0099: 19 -> UNKNOWN (Opcode 25)
        0100: 06 -> ICONST_3
        0101: B6 -> UNKNOWN (Opcode 182)
        0102: 00 -> NOP
        0103: 24 -> UNKNOWN (Opcode 36)
        0104: B2 -> GETSTATIC #40
        0107: 2B -> UNKNOWN (Opcode 43)
        0108: B6 -> UNKNOWN (Opcode 182)
        0109: 00 -> NOP
        0110: 2E -> UNKNOWN (Opcode 46)
        0111: B2 -> GETSTATIC #40
        0114: 2C -> UNKNOWN (Opcode 44)
        0115: B6 -> UNKNOWN (Opcode 182)
        0116: 00 -> NOP
        0117: 2E -> UNKNOWN (Opcode 46)
        0118: B2 -> GETSTATIC #40
        0121: 2D -> UNKNOWN (Opcode 45)
        0122: B6 -> UNKNOWN (Opcode 182)
        0123: 00 -> NOP
        0124: 2E -> UNKNOWN (Opcode 46)
        0125: B2 -> GETSTATIC #40
        0128: 2B -> UNKNOWN (Opcode 43)
        0129: 2C -> UNKNOWN (Opcode 44)
        0130: B6 -> UNKNOWN (Opcode 182)
        0131: 00 -> NOP
        0132: 34 -> UNKNOWN (Opcode 52)
        0133: B6 -> UNKNOWN (Opcode 182)
        0134: 00 -> NOP
        0135: 38 -> UNKNOWN (Opcode 56)
        0136: B2 -> GETSTATIC #40
        0139: 2B -> UNKNOWN (Opcode 43)
        0140: 2D -> UNKNOWN (Opcode 45)
        0141: B6 -> UNKNOWN (Opcode 182)
        0142: 00 -> NOP
        0143: 34 -> UNKNOWN (Opcode 52)
        0144: B6 -> UNKNOWN (Opcode 182)
        0145: 00 -> NOP
        0146: 38 -> UNKNOWN (Opcode 56)
        0147: B1 -> UNKNOWN (Opcode 177)
[NOP, ICONST_4, LDC, LDC, NOP, FCONST_2, NOP, ICONST_4, LDC, LDC, NOP, FCONST_2, NOP, ICONST_4, LDC, LDC, NOP, FCONST_2, NOP, LDC, NOP, ICONST_1, NOP, LDC, NOP, ICONST_2, NOP, LDC, NOP, ICONST_3, NOP, LDC, NOP, ICONST_4, ICONST_1, NOP, ICONST_4, NOP, ICONST_2, NOP, ICONST_3, NOP, GETSTATIC, NOP, GETSTATIC, NOP, GETSTATIC, NOP, GETSTATIC, NOP, NOP, GETSTATIC, NOP, NOP]

      exception_table_length: 0
      attributes_count: 2
        attr_index: 62, length: 70, data: 001100000005000c00060018000700240009002f000a003a000b0045000c0050000e0056000f005c00100062001100680013006f001400760015007d00170088001800930019
        attr_index: 63, length: 82, data: 000800000094004400450000000c00880046004700010018007c00480047000200240070004900470003002f0065004a004b0004003a005a004c004b00050045004f004d004e000600500044004f004e0007
Attribute NameCode
      max_stack: 3, max_locals: 3, code_length: 26
      bytecode disassembly:
        0000: 2A -> UNKNOWN (Opcode 42)
        0001: B7 -> UNKNOWN (Opcode 183)
        0002: 00 -> NOP
        0003: 01 -> ACONST_NULL
        0004: 2A -> UNKNOWN (Opcode 42)
        0005: 2B -> UNKNOWN (Opcode 43)
        0006: B5 -> UNKNOWN (Opcode 181)
        0007: 00 -> NOP
        0008: 07 -> ICONST_4
        0009: 2A -> UNKNOWN (Opcode 42)
        0010: 2C -> UNKNOWN (Opcode 44)
        0011: B5 -> UNKNOWN (Opcode 181)
        0012: 00 -> NOP
        0013: 0D -> FCONST_2
        0014: 2A -> UNKNOWN (Opcode 42)
        0015: BB -> UNKNOWN (Opcode 187)
        0016: 00 -> NOP
        0017: 10 -> UNKNOWN (Opcode 16)
        0018: 59 -> UNKNOWN (Opcode 89)
        0019: B7 -> UNKNOWN (Opcode 183)
        0020: 00 -> NOP
        0021: 12 -> LDC #181
        0023: 00 -> NOP
        0024: 13 -> UNKNOWN (Opcode 19)
        0025: B1 -> UNKNOWN (Opcode 177)
[NOP, ACONST_NULL, NOP, ICONST_4, NOP, FCONST_2, NOP, NOP, LDC, NOP]

      exception_table_length: 0
      attributes_count: 2
        attr_index: 74, length: 22, data: 00050000000c0004000d0009000e000e000f00190010
        attr_index: 75, length: 32, data: 00030000001a004c004d00000000001a000b000c00010000001a000f000c0002
Attribute NameCode
      max_stack: 2, max_locals: 4, code_length: 20
      bytecode disassembly:
        0000: 2A -> UNKNOWN (Opcode 42)
        0001: B7 -> UNKNOWN (Opcode 183)
        0002: 00 -> NOP
        0003: 01 -> ACONST_NULL
        0004: 2A -> UNKNOWN (Opcode 42)
        0005: 2B -> UNKNOWN (Opcode 43)
        0006: B5 -> UNKNOWN (Opcode 181)
        0007: 00 -> NOP
        0008: 07 -> ICONST_4
        0009: 2A -> UNKNOWN (Opcode 42)
        0010: 2C -> UNKNOWN (Opcode 44)
        0011: B5 -> UNKNOWN (Opcode 181)
        0012: 00 -> NOP
        0013: 0D -> FCONST_2
        0014: 2A -> UNKNOWN (Opcode 42)
        0015: 2D -> UNKNOWN (Opcode 45)
        0016: B5 -> UNKNOWN (Opcode 181)
        0017: 00 -> NOP
        0018: 13 -> UNKNOWN (Opcode 19)
        0019: B1 -> UNKNOWN (Opcode 177)
[NOP, ACONST_NULL, NOP, ICONST_4, NOP, FCONST_2, NOP]

      exception_table_length: 0
      attributes_count: 3
        attr_index: 74, length: 22, data: 0005000000120004001300090014000e001500130016
        attr_index: 75, length: 42, data: 000400000014004c004d000000000014000b000c000100000014000f000c000200000014001500160003
        attr_index: 79, length: 12, data: 000100000014001500470003
Attribute NameSignature
Attribute NameCode
      max_stack: 4, max_locals: 4, code_length: 40
      bytecode disassembly:
        0000: 2A -> UNKNOWN (Opcode 42)
        0001: B7 -> UNKNOWN (Opcode 183)
        0002: 00 -> NOP
        0003: 01 -> ACONST_NULL
        0004: 2A -> UNKNOWN (Opcode 42)
        0005: 2B -> UNKNOWN (Opcode 43)
        0006: B5 -> UNKNOWN (Opcode 181)
        0007: 00 -> NOP
        0008: 07 -> ICONST_4
        0009: 2A -> UNKNOWN (Opcode 42)
        0010: 2C -> UNKNOWN (Opcode 44)
        0011: B5 -> UNKNOWN (Opcode 181)
        0012: 00 -> NOP
        0013: 0D -> FCONST_2
        0014: 2A -> UNKNOWN (Opcode 42)
        0015: BB -> UNKNOWN (Opcode 187)
        0016: 00 -> NOP
        0017: 10 -> UNKNOWN (Opcode 16)
        0018: 59 -> UNKNOWN (Opcode 89)
        0019: 2D -> UNKNOWN (Opcode 45)
        0020: BE -> UNKNOWN (Opcode 190)
        0021: B7 -> UNKNOWN (Opcode 183)
        0022: 00 -> NOP
        0023: 17 -> UNKNOWN (Opcode 23)
        0024: B5 -> UNKNOWN (Opcode 181)
        0025: 00 -> NOP
        0026: 13 -> UNKNOWN (Opcode 19)
        0027: 2A -> UNKNOWN (Opcode 42)
        0028: B4 -> UNKNOWN (Opcode 180)
        0029: 00 -> NOP
        0030: 13 -> UNKNOWN (Opcode 19)
        0031: 2D -> UNKNOWN (Opcode 45)
        0032: B8 -> UNKNOWN (Opcode 184)
        0033: 00 -> NOP
        0034: 1A -> UNKNOWN (Opcode 26)
        0035: B6 -> UNKNOWN (Opcode 182)
        0036: 00 -> NOP
        0037: 20 -> UNKNOWN (Opcode 32)
        0038: 57 -> UNKNOWN (Opcode 87)
        0039: B1 -> UNKNOWN (Opcode 177)
[NOP, ACONST_NULL, NOP, ICONST_4, NOP, FCONST_2, NOP, NOP, NOP, NOP, NOP, NOP]

      exception_table_length: 0
      attributes_count: 2
        attr_index: 74, length: 26, data: 000600000018000400190009001a000e001b001b001c0027001d
        attr_index: 75, length: 42, data: 000400000028004c004d000000000028000b000c000100000028000f000c000200000028001500520003
Attribute NameCode
      max_stack: 3, max_locals: 1, code_length: 24
      bytecode disassembly:
        0000: 2A -> UNKNOWN (Opcode 42)
        0001: B4 -> UNKNOWN (Opcode 180)
        0002: 00 -> NOP
        0003: 07 -> ICONST_4
        0004: 2A -> UNKNOWN (Opcode 42)
        0005: B4 -> UNKNOWN (Opcode 180)
        0006: 00 -> NOP
        0007: 0D -> FCONST_2
        0008: 2A -> UNKNOWN (Opcode 42)
        0009: B4 -> UNKNOWN (Opcode 180)
        0010: 00 -> NOP
        0011: 13 -> UNKNOWN (Opcode 19)
        0012: B8 -> UNKNOWN (Opcode 184)
        0013: 00 -> NOP
        0014: 24 -> UNKNOWN (Opcode 36)
        0015: B8 -> UNKNOWN (Opcode 184)
        0016: 00 -> NOP
        0017: 27 -> UNKNOWN (Opcode 39)
        0018: BA -> UNKNOWN (Opcode 186)
        0019: 00 -> NOP
        0020: 2D -> UNKNOWN (Opcode 45)
        0021: 00 -> NOP
        0022: 00 -> NOP
        0023: B0 -> UNKNOWN (Opcode 176)
[NOP, ICONST_4, NOP, FCONST_2, NOP, NOP, NOP, NOP, NOP, NOP]

      exception_table_length: 0
      attributes_count: 2
        attr_index: 74, length: 14, data: 000300000021000c002400170021
        attr_index: 75, length: 12, data: 000100000018004c004d0000
Attribute NameCode
      max_stack: 2, max_locals: 3, code_length: 51
      bytecode disassembly:
        0000: 2B -> UNKNOWN (Opcode 43)
        0001: C1 -> UNKNOWN (Opcode 193)
        0002: 00 -> NOP
        0003: 08 -> ICONST_5
        0004: 99 -> UNKNOWN (Opcode 153)
        0005: 00 -> NOP
        0006: 0B -> FCONST_0
        0007: 2B -> UNKNOWN (Opcode 43)
        0008: C0 -> UNKNOWN (Opcode 192)
        0009: 00 -> NOP
        0010: 08 -> ICONST_5
        0011: 4D -> UNKNOWN (Opcode 77)
        0012: A7 -> UNKNOWN (Opcode 167)
        0013: 00 -> NOP
        0014: 05 -> ICONST_2
        0015: 03 -> ICONST_0
        0016: AC -> UNKNOWN (Opcode 172)
        0017: 2A -> UNKNOWN (Opcode 42)
        0018: B6 -> UNKNOWN (Opcode 182)
        0019: 00 -> NOP
        0020: 31 -> UNKNOWN (Opcode 49)
        0021: 2C -> UNKNOWN (Opcode 44)
        0022: B6 -> UNKNOWN (Opcode 182)
        0023: 00 -> NOP
        0024: 31 -> UNKNOWN (Opcode 49)
        0025: B8 -> UNKNOWN (Opcode 184)
        0026: 00 -> NOP
        0027: 35 -> UNKNOWN (Opcode 53)
        0028: 99 -> UNKNOWN (Opcode 153)
        0029: 00 -> NOP
        0030: 15 -> UNKNOWN (Opcode 21)
        0031: 2A -> UNKNOWN (Opcode 42)
        0032: B6 -> UNKNOWN (Opcode 182)
        0033: 00 -> NOP
        0034: 3B -> UNKNOWN (Opcode 59)
        0035: 2C -> UNKNOWN (Opcode 44)
        0036: B6 -> UNKNOWN (Opcode 182)
        0037: 00 -> NOP
        0038: 3B -> UNKNOWN (Opcode 59)
        0039: B8 -> UNKNOWN (Opcode 184)
        0040: 00 -> NOP
        0041: 35 -> UNKNOWN (Opcode 53)
        0042: 99 -> UNKNOWN (Opcode 153)
        0043: 00 -> NOP
        0044: 07 -> ICONST_4
        0045: 04 -> ICONST_1
        0046: A7 -> UNKNOWN (Opcode 167)
        0047: 00 -> NOP
        0048: 04 -> ICONST_1
        0049: 03 -> ICONST_0
        0050: AC -> UNKNOWN (Opcode 172)
[NOP, ICONST_5, NOP, FCONST_0, NOP, ICONST_5, NOP, ICONST_2, ICONST_0, NOP, NOP, NOP, NOP, NOP, NOP, NOP, NOP, ICONST_4, ICONST_1, NOP, ICONST_1, ICONST_0]

      exception_table_length: 0
      attributes_count: 3
        attr_index: 74, length: 10, data: 00020000002a0011002b
        attr_index: 75, length: 42, data: 0004000c00030054004d000200000033004c004d000000000033005500560001001100220054004d0002
        attr_index: 87, length: 12, data: 00040ffc00010700081f4001
Attribute NameCode
      max_stack: 4, max_locals: 1, code_length: 22
      bytecode disassembly:
        0000: 05 -> ICONST_2
        0001: BD -> UNKNOWN (Opcode 189)
        0002: 00 -> NOP
        0003: 02 -> ICONST_M1
        0004: 59 -> UNKNOWN (Opcode 89)
        0005: 03 -> ICONST_0
        0006: 2A -> UNKNOWN (Opcode 42)
        0007: B6 -> UNKNOWN (Opcode 182)
        0008: 00 -> NOP
        0009: 31 -> UNKNOWN (Opcode 49)
        0010: 53 -> UNKNOWN (Opcode 83)
        0011: 59 -> UNKNOWN (Opcode 89)
        0012: 04 -> ICONST_1
        0013: 2A -> UNKNOWN (Opcode 42)
        0014: B6 -> UNKNOWN (Opcode 182)
        0015: 00 -> NOP
        0016: 3B -> UNKNOWN (Opcode 59)
        0017: 53 -> UNKNOWN (Opcode 83)
        0018: B8 -> UNKNOWN (Opcode 184)
        0019: 00 -> NOP
        0020: 3E -> UNKNOWN (Opcode 62)
        0021: AC -> UNKNOWN (Opcode 172)
[ICONST_2, NOP, ICONST_M1, ICONST_0, NOP, ICONST_1, NOP, NOP]

      exception_table_length: 0
      attributes_count: 2
        attr_index: 74, length: 6, data: 000100000030
        attr_index: 75, length: 12, data: 000100000016004c004d0000
Attribute NameCode
      max_stack: 1, max_locals: 1, code_length: 5
      bytecode disassembly:
        0000: 2A -> UNKNOWN (Opcode 42)
        0001: B4 -> UNKNOWN (Opcode 180)
        0002: 00 -> NOP
        0003: 07 -> ICONST_4
        0004: B0 -> UNKNOWN (Opcode 176)
[NOP, ICONST_4]

      exception_table_length: 0
      attributes_count: 2
        attr_index: 74, length: 6, data: 000100000034
        attr_index: 75, length: 12, data: 000100000005004c004d0000
Attribute NameCode
      max_stack: 2, max_locals: 2, code_length: 6
      bytecode disassembly:
        0000: 2A -> UNKNOWN (Opcode 42)
        0001: 2B -> UNKNOWN (Opcode 43)
        0002: B5 -> UNKNOWN (Opcode 181)
        0003: 00 -> NOP
        0004: 07 -> ICONST_4
        0005: B1 -> UNKNOWN (Opcode 177)
[NOP, ICONST_4]

      exception_table_length: 0
      attributes_count: 2
        attr_index: 74, length: 10, data: 00020000003800050039
        attr_index: 75, length: 22, data: 000200000006004c004d000000000006000b000c0001
Attribute NameCode
      max_stack: 1, max_locals: 1, code_length: 5
      bytecode disassembly:
        0000: 2A -> UNKNOWN (Opcode 42)
        0001: B4 -> UNKNOWN (Opcode 180)
        0002: 00 -> NOP
        0003: 0D -> FCONST_2
        0004: B0 -> UNKNOWN (Opcode 176)
[NOP, FCONST_2]

      exception_table_length: 0
      attributes_count: 2
        attr_index: 74, length: 6, data: 00010000003c
        attr_index: 75, length: 12, data: 000100000005004c004d0000
Attribute NameCode
      max_stack: 2, max_locals: 2, code_length: 6
      bytecode disassembly:
        0000: 2A -> UNKNOWN (Opcode 42)
        0001: 2B -> UNKNOWN (Opcode 43)
        0002: B5 -> UNKNOWN (Opcode 181)
        0003: 00 -> NOP
        0004: 0D -> FCONST_2
        0005: B1 -> UNKNOWN (Opcode 177)
[NOP, FCONST_2]

      exception_table_length: 0
      attributes_count: 2
        attr_index: 74, length: 10, data: 00020000004000050041
        attr_index: 75, length: 22, data: 000200000006004c004d000000000006000f000c0001
Attribute NameCode
      max_stack: 1, max_locals: 1, code_length: 5
      bytecode disassembly:
        0000: 2A -> UNKNOWN (Opcode 42)
        0001: B4 -> UNKNOWN (Opcode 180)
        0002: 00 -> NOP
        0003: 13 -> UNKNOWN (Opcode 19)
        0004: B0 -> UNKNOWN (Opcode 176)
[NOP]

      exception_table_length: 0
      attributes_count: 2
        attr_index: 74, length: 6, data: 000100000044
        attr_index: 75, length: 12, data: 000100000005004c004d0000
Attribute NameSignature
Attribute NameCode
      max_stack: 2, max_locals: 2, code_length: 6
      bytecode disassembly:
        0000: 2A -> UNKNOWN (Opcode 42)
        0001: 2B -> UNKNOWN (Opcode 43)
        0002: B5 -> UNKNOWN (Opcode 181)
        0003: 00 -> NOP
        0004: 13 -> UNKNOWN (Opcode 19)
        0005: B1 -> UNKNOWN (Opcode 177)
[NOP]

      exception_table_length: 0
      attributes_count: 3
        attr_index: 74, length: 10, data: 00020000004800050049
        attr_index: 75, length: 22, data: 000200000006004c004d000000000006001500160001
        attr_index: 79, length: 12, data: 000100000006001500470001
Attribute NameSignature
Attribute NameCode
      max_stack: 2, max_locals: 2, code_length: 10
      bytecode disassembly:
        0000: 2A -> UNKNOWN (Opcode 42)
        0001: B4 -> UNKNOWN (Opcode 180)
        0002: 00 -> NOP
        0003: 13 -> UNKNOWN (Opcode 19)
        0004: 2B -> UNKNOWN (Opcode 43)
        0005: B6 -> UNKNOWN (Opcode 182)
        0006: 00 -> NOP
        0007: 42 -> UNKNOWN (Opcode 66)
        0008: 57 -> UNKNOWN (Opcode 87)
        0009: B1 -> UNKNOWN (Opcode 177)
[NOP, NOP]

      exception_table_length: 0
      attributes_count: 2
        attr_index: 74, length: 10, data: 00020000004c0009004d
        attr_index: 75, length: 22, data: 00020000000a004c004d00000000000a006500660001
Attribute NameCode
      max_stack: 2, max_locals: 2, code_length: 10
      bytecode disassembly:
        0000: 2A -> UNKNOWN (Opcode 42)
        0001: B7 -> UNKNOWN (Opcode 183)
        0002: 00 -> NOP
        0003: 01 -> ACONST_NULL
        0004: 2A -> UNKNOWN (Opcode 42)
        0005: 2B -> UNKNOWN (Opcode 43)
        0006: B5 -> UNKNOWN (Opcode 181)
        0007: 00 -> NOP
        0008: 07 -> ICONST_4
        0009: B1 -> UNKNOWN (Opcode 177)
[NOP, ACONST_NULL, NOP, ICONST_4]

      exception_table_length: 0
      attributes_count: 2
        attr_index: 19, length: 14, data: 0003000000060004000700090008
        attr_index: 20, length: 22, data: 00020000000a0015001600000000000a000b000c0001
Attribute NameCode
      max_stack: 1, max_locals: 1, code_length: 10
      bytecode disassembly:
        0000: 2A -> UNKNOWN (Opcode 42)
        0001: B4 -> UNKNOWN (Opcode 180)
        0002: 00 -> NOP
        0003: 07 -> ICONST_4
        0004: BA -> UNKNOWN (Opcode 186)
        0005: 00 -> NOP
        0006: 0D -> FCONST_2
        0007: 00 -> NOP
        0008: 00 -> NOP
        0009: B0 -> UNKNOWN (Opcode 176)
[NOP, ICONST_4, NOP, FCONST_2, NOP, NOP]

      exception_table_length: 0
      attributes_count: 2
        attr_index: 19, length: 6, data: 00010000000e
        attr_index: 20, length: 12, data: 00010000000a001500160000
]]></system-out>
    <system-err><![CDATA[Feb 10, 2026 9:08:08 AM xyz.metratrj.jbyteinspector.io.FileUtils findFiles
INFO: Starting recursive file search in: /home/metratrj/sources/JInspector/Code/jbi-tests/target/test-classes/fixtures/animals
Feb 10, 2026 9:08:08 AM xyz.metratrj.jbyteinspector.io.FileUtils$1 visitFile
INFO: Found file: /home/metratrj/sources/JInspector/Code/jbi-tests/target/test-classes/fixtures/animals
Feb 10, 2026 9:08:08 AM xyz.metratrj.jbyteinspector.io.FileUtils$1 visitFile
INFO: Found file: /home/metratrj/sources/JInspector/Code/jbi-tests/target/test-classes/fixtures/animals
Feb 10, 2026 9:08:08 AM xyz.metratrj.jbyteinspector.io.FileUtils$1 visitFile
INFO: Found file: /home/metratrj/sources/JInspector/Code/jbi-tests/target/test-classes/fixtures/animals
Feb 10, 2026 9:08:08 AM xyz.metratrj.jbyteinspector.io.FileUtils$1 visitFile
INFO: Found file: /home/metratrj/sources/JInspector/Code/jbi-tests/target/test-classes/fixtures/animals
Feb 10, 2026 9:08:08 AM xyz.metratrj.jbyteinspector.io.FileUtils$1 visitFile
INFO: Found file: /home/metratrj/sources/JInspector/Code/jbi-tests/target/test-classes/fixtures/animals
Feb 10, 2026 9:08:08 AM xyz.metratrj.jbyteinspector.parser.classfile.ClassFile parse
INFO: Starting to parse class file: /home/metratrj/sources/JInspector/Code/jbi-tests/target/test-classes/fixtures/animals/Esel.class
Feb 10, 2026 9:08:08 AM xyz.metratrj.jbyteinspector.parser.classfile.ClassFile parse
INFO: Successfully parsed class file: /home/metratrj/sources/JInspector/Code/jbi-tests/target/test-classes/fixtures/animals/Esel.class
Feb 10, 2026 9:08:08 AM xyz.metratrj.jbyteinspector.parser.classfile.ClassFile parse
INFO: Starting to parse class file: /home/metratrj/sources/JInspector/Code/jbi-tests/target/test-classes/fixtures/animals/Katze.class
Feb 10, 2026 9:08:08 AM xyz.metratrj.jbyteinspector.parser.classfile.ClassFile parse
INFO: Successfully parsed class file: /home/metratrj/sources/JInspector/Code/jbi-tests/target/test-classes/fixtures/animals/Katze.class
Feb 10, 2026 9:08:08 AM xyz.metratrj.jbyteinspector.parser.classfile.ClassFile parse
INFO: Starting to parse class file: /home/metratrj/sources/JInspector/Code/jbi-tests/target/test-classes/fixtures/animals/Main.class
Feb 10, 2026 9:08:08 AM xyz.metratrj.jbyteinspector.parser.classfile.ClassFile parse
INFO: Successfully parsed class file: /home/metratrj/sources/JInspector/Code/jbi-tests/target/test-classes/fixtures/animals/Main.class
Feb 10, 2026 9:08:08 AM xyz.metratrj.jbyteinspector.parser.classfile.ClassFile parse
INFO: Starting to parse class file: /home/metratrj/sources/JInspector/Code/jbi-tests/target/test-classes/fixtures/animals/Person.class
Feb 10, 2026 9:08:08 AM xyz.metratrj.jbyteinspector.parser.classfile.ClassFile parse
INFO: Successfully parsed class file: /home/metratrj/sources/JInspector/Code/jbi-tests/target/test-classes/fixtures/animals/Person.class
Feb 10, 2026 9:08:08 AM xyz.metratrj.jbyteinspector.parser.classfile.ClassFile parse
INFO: Starting to parse class file: /home/metratrj/sources/JInspector/Code/jbi-tests/target/test-classes/fixtures/animals/Tier.class
Feb 10, 2026 9:08:08 AM xyz.metratrj.jbyteinspector.parser.classfile.ClassFile parse
INFO: Successfully parsed class file: /home/metratrj/sources/JInspector/Code/jbi-tests/target/test-classes/fixtures/animals/Tier.class
]]></system-err>
  </testcase>
</testsuite>