<?xml version="1.0" encoding="UTF-8"?>
<testsuite xmlns:xsi="http://www.w3.org/2001/XMLSchema-instance" xsi:noNamespaceSchemaLocation="https://maven.apache.org/surefire/maven-surefire-plugin/xsd/surefire-test-report-3.0.xsd" version="3.0" name="xyz.metratrj.jbyteinspector.tests.PipelineIntegrationTest" time="1.794" tests="4" errors="0" skipped="0" failures="0">
  <properties>
[...]
</properties>
  <testcase name="testJarAnalysis" classname="xyz.metratrj.jbyteinspector.tests.PipelineIntegrationTest" time="1.112">
    <system-out><![CDATA[Attribute NameCode
      max_stack: 2, max_locals: 2, code_length: 10
      bytecode disassembly:
        0000: 2A -> ALOAD_0 []
        0001: B7 -> INVOKESPECIAL [1]
        0004: 2A -> ALOAD_0 []
        0005: 2B -> ALOAD_1 []
        0006: B5 -> PUTFIELD [7]
        0009: B1 -> RETURN []
[ALOAD_0, INVOKESPECIAL, ALOAD_0, ALOAD_1, PUTFIELD, RETURN]

      exception_table_length: 0
      attributes_count: 2
        attr_index: 19, length: 14, data: 0003000000060004000700090008
        attr_index: 20, length: 22, data: 00020000000a0015001600000000000a000b000c0001
Attribute NameCode
      max_stack: 1, max_locals: 1, code_length: 10
      bytecode disassembly:
        0000: 2A -> ALOAD_0 []
        0001: B4 -> GETFIELD [7]
        0004: BA -> INVOKEDYNAMIC [13]
        0009: B0 -> ARETURN []
[ALOAD_0, GETFIELD, INVOKEDYNAMIC, ARETURN]

      exception_table_length: 0
      attributes_count: 2
        attr_index: 19, length: 6, data: 00010000000e
        attr_index: 20, length: 12, data: 00010000000a001500160000
Attribute NameCode
      max_stack: 3, max_locals: 3, code_length: 26
      bytecode disassembly:
        0000: 2A -> ALOAD_0 []
        0001: B7 -> INVOKESPECIAL [1]
        0004: 2A -> ALOAD_0 []
        0005: 2B -> ALOAD_1 []
        0006: B5 -> PUTFIELD [7]
        0009: 2A -> ALOAD_0 []
        0010: 2C -> ALOAD_2 []
        0011: B5 -> PUTFIELD [13]
        0014: 2A -> ALOAD_0 []
        0015: BB -> NEW [16]
        0018: 59 -> DUP []
        0019: B7 -> INVOKESPECIAL [18]
        0022: B5 -> PUTFIELD [19]
        0025: B1 -> RETURN []
[ALOAD_0, INVOKESPECIAL, ALOAD_0, ALOAD_1, PUTFIELD, ALOAD_0, ALOAD_2, PUTFIELD, ALOAD_0, NEW, DUP, INVOKESPECIAL, PUTFIELD, RETURN]

      exception_table_length: 0
      attributes_count: 2
        attr_index: 74, length: 22, data: 00050000000c0004000d0009000e000e000f00190010
        attr_index: 75, length: 32, data: 00030000001a004c004d00000000001a000b000c00010000001a000f000c0002
Attribute NameCode
      max_stack: 2, max_locals: 4, code_length: 20
      bytecode disassembly:
        0000: 2A -> ALOAD_0 []
        0001: B7 -> INVOKESPECIAL [1]
        0004: 2A -> ALOAD_0 []
        0005: 2B -> ALOAD_1 []
        0006: B5 -> PUTFIELD [7]
        0009: 2A -> ALOAD_0 []
        0010: 2C -> ALOAD_2 []
        0011: B5 -> PUTFIELD [13]
        0014: 2A -> ALOAD_0 []
        0015: 2D -> ALOAD_3 []
        0016: B5 -> PUTFIELD [19]
        0019: B1 -> RETURN []
[ALOAD_0, INVOKESPECIAL, ALOAD_0, ALOAD_1, PUTFIELD, ALOAD_0, ALOAD_2, PUTFIELD, ALOAD_0, ALOAD_3, PUTFIELD, RETURN]

      exception_table_length: 0
      attributes_count: 3
        attr_index: 74, length: 22, data: 0005000000120004001300090014000e001500130016
        attr_index: 75, length: 42, data: 000400000014004c004d000000000014000b000c000100000014000f000c000200000014001500160003
        attr_index: 79, length: 12, data: 000100000014001500470003
Attribute NameSignature
Attribute NameCode
      max_stack: 4, max_locals: 4, code_length: 40
      bytecode disassembly:
        0000: 2A -> ALOAD_0 []
        0001: B7 -> INVOKESPECIAL [1]
        0004: 2A -> ALOAD_0 []
        0005: 2B -> ALOAD_1 []
        0006: B5 -> PUTFIELD [7]
        0009: 2A -> ALOAD_0 []
        0010: 2C -> ALOAD_2 []
        0011: B5 -> PUTFIELD [13]
        0014: 2A -> ALOAD_0 []
        0015: BB -> NEW [16]
        0018: 59 -> DUP []
        0019: 2D -> ALOAD_3 []
        0020: BE -> ARRAYLENGTH []
        0021: B7 -> INVOKESPECIAL [23]
        0024: B5 -> PUTFIELD [19]
        0027: 2A -> ALOAD_0 []
        0028: B4 -> GETFIELD [19]
        0031: 2D -> ALOAD_3 []
        0032: B8 -> INVOKESTATIC [26]
        0035: B6 -> INVOKEVIRTUAL [32]
        0038: 57 -> POP []
        0039: B1 -> RETURN []
[ALOAD_0, INVOKESPECIAL, ALOAD_0, ALOAD_1, PUTFIELD, ALOAD_0, ALOAD_2, PUTFIELD, ALOAD_0, NEW, DUP, ALOAD_3, ARRAYLENGTH, INVOKESPECIAL, PUTFIELD, ALOAD_0, GETFIELD, ALOAD_3, INVOKESTATIC, INVOKEVIRTUAL, POP, RETURN]

      exception_table_length: 0
      attributes_count: 2
        attr_index: 74, length: 26, data: 000600000018000400190009001a000e001b001b001c0027001d
        attr_index: 75, length: 42, data: 000400000028004c004d000000000028000b000c000100000028000f000c000200000028001500520003
Attribute NameCode
      max_stack: 3, max_locals: 1, code_length: 24
      bytecode disassembly:
        0000: 2A -> ALOAD_0 []
        0001: B4 -> GETFIELD [7]
        0004: 2A -> ALOAD_0 []
        0005: B4 -> GETFIELD [13]
        0008: 2A -> ALOAD_0 []
        0009: B4 -> GETFIELD [19]
        0012: B8 -> INVOKESTATIC [36]
        0015: B8 -> INVOKESTATIC [39]
        0018: BA -> INVOKEDYNAMIC [45]
        0023: B0 -> ARETURN []
[ALOAD_0, GETFIELD, ALOAD_0, GETFIELD, ALOAD_0, GETFIELD, INVOKESTATIC, INVOKESTATIC, INVOKEDYNAMIC, ARETURN]

      exception_table_length: 0
      attributes_count: 2
        attr_index: 74, length: 14, data: 000300000021000c002400170021
        attr_index: 75, length: 12, data: 000100000018004c004d0000
Attribute NameCode
      max_stack: 2, max_locals: 3, code_length: 51
      bytecode disassembly:
        0000: 2B -> ALOAD_1 []
        0001: C1 -> INSTANCEOF [8]
        0004: 99 -> IFEQ [15]
        0007: 2B -> ALOAD_1 []
        0008: C0 -> CHECKCAST [8]
        0011: 4D -> ASTORE_2 []
        0012: A7 -> GOTO [17]
        0015: 03 -> ICONST_0 []
        0016: AC -> IRETURN []
        0017: 2A -> ALOAD_0 []
        0018: B6 -> INVOKEVIRTUAL [49]
        0021: 2C -> ALOAD_2 []
        0022: B6 -> INVOKEVIRTUAL [49]
        0025: B8 -> INVOKESTATIC [53]
        0028: 99 -> IFEQ [49]
        0031: 2A -> ALOAD_0 []
        0032: B6 -> INVOKEVIRTUAL [59]
        0035: 2C -> ALOAD_2 []
        0036: B6 -> INVOKEVIRTUAL [59]
        0039: B8 -> INVOKESTATIC [53]
        0042: 99 -> IFEQ [49]
        0045: 04 -> ICONST_1 []
        0046: A7 -> GOTO [50]
        0049: 03 -> ICONST_0 []
        0050: AC -> IRETURN []
[ALOAD_1, INSTANCEOF, IFEQ, ALOAD_1, CHECKCAST, ASTORE_2, GOTO, ICONST_0, IRETURN, ALOAD_0, INVOKEVIRTUAL, ALOAD_2, INVOKEVIRTUAL, INVOKESTATIC, IFEQ, ALOAD_0, INVOKEVIRTUAL, ALOAD_2, INVOKEVIRTUAL, INVOKESTATIC, IFEQ, ICONST_1, GOTO, ICONST_0, IRETURN]

      exception_table_length: 0
      attributes_count: 3
        attr_index: 74, length: 10, data: 00020000002a0011002b
        attr_index: 75, length: 42, data: 0004000c00030054004d000200000033004c004d000000000033005500560001001100220054004d0002
        attr_index: 87, length: 12, data: 00040ffc00010700081f4001
Attribute NameCode
      max_stack: 4, max_locals: 1, code_length: 22
      bytecode disassembly:
        0000: 05 -> ICONST_2 []
        0001: BD -> ANEWARRAY [2]
        0004: 59 -> DUP []
        0005: 03 -> ICONST_0 []
        0006: 2A -> ALOAD_0 []
        0007: B6 -> INVOKEVIRTUAL [49]
        0010: 53 -> AASTORE []
        0011: 59 -> DUP []
        0012: 04 -> ICONST_1 []
        0013: 2A -> ALOAD_0 []
        0014: B6 -> INVOKEVIRTUAL [59]
        0017: 53 -> AASTORE []
        0018: B8 -> INVOKESTATIC [62]
        0021: AC -> IRETURN []
[ICONST_2, ANEWARRAY, DUP, ICONST_0, ALOAD_0, INVOKEVIRTUAL, AASTORE, DUP, ICONST_1, ALOAD_0, INVOKEVIRTUAL, AASTORE, INVOKESTATIC, IRETURN]

      exception_table_length: 0
      attributes_count: 2
        attr_index: 74, length: 6, data: 000100000030
        attr_index: 75, length: 12, data: 000100000016004c004d0000
Attribute NameCode
      max_stack: 1, max_locals: 1, code_length: 5
      bytecode disassembly:
        0000: 2A -> ALOAD_0 []
        0001: B4 -> GETFIELD [7]
        0004: B0 -> ARETURN []
[ALOAD_0, GETFIELD, ARETURN]

      exception_table_length: 0
      attributes_count: 2
        attr_index: 74, length: 6, data: 000100000034
        attr_index: 75, length: 12, data: 000100000005004c004d0000
Attribute NameCode
      max_stack: 2, max_locals: 2, code_length: 6
      bytecode disassembly:
        0000: 2A -> ALOAD_0 []
        0001: 2B -> ALOAD_1 []
        0002: B5 -> PUTFIELD [7]
        0005: B1 -> RETURN []
[ALOAD_0, ALOAD_1, PUTFIELD, RETURN]

      exception_table_length: 0
      attributes_count: 2
        attr_index: 74, length: 10, data: 00020000003800050039
        attr_index: 75, length: 22, data: 000200000006004c004d000000000006000b000c0001
Attribute NameCode
      max_stack: 1, max_locals: 1, code_length: 5
      bytecode disassembly:
        0000: 2A -> ALOAD_0 []
        0001: B4 -> GETFIELD [13]
        0004: B0 -> ARETURN []
[ALOAD_0, GETFIELD, ARETURN]

      exception_table_length: 0
      attributes_count: 2
        attr_index: 74, length: 6, data: 00010000003c
        attr_index: 75, length: 12, data: 000100000005004c004d0000
Attribute NameCode
      max_stack: 2, max_locals: 2, code_length: 6
      bytecode disassembly:
        0000: 2A -> ALOAD_0 []
        0001: 2B -> ALOAD_1 []
        0002: B5 -> PUTFIELD [13]
        0005: B1 -> RETURN []
[ALOAD_0, ALOAD_1, PUTFIELD, RETURN]

      exception_table_length: 0
      attributes_count: 2
        attr_index: 74, length: 10, data: 00020000004000050041
        attr_index: 75, length: 22, data: 000200000006004c004d000000000006000f000c0001
Attribute NameCode
      max_stack: 1, max_locals: 1, code_length: 5
      bytecode disassembly:
        0000: 2A -> ALOAD_0 []
        0001: B4 -> GETFIELD [19]
        0004: B0 -> ARETURN []
[ALOAD_0, GETFIELD, ARETURN]

      exception_table_length: 0
      attributes_count: 2
        attr_index: 74, length: 6, data: 000100000044
        attr_index: 75, length: 12, data: 000100000005004c004d0000
Attribute NameSignature
Attribute NameCode
      max_stack: 2, max_locals: 2, code_length: 6
      bytecode disassembly:
        0000: 2A -> ALOAD_0 []
        0001: 2B -> ALOAD_1 []
        0002: B5 -> PUTFIELD [19]
        0005: B1 -> RETURN []
[ALOAD_0, ALOAD_1, PUTFIELD, RETURN]

      exception_table_length: 0
      attributes_count: 3
        attr_index: 74, length: 10, data: 00020000004800050049
        attr_index: 75, length: 22, data: 000200000006004c004d000000000006001500160001
        attr_index: 79, length: 12, data: 000100000006001500470001
Attribute NameSignature
Attribute NameCode
      max_stack: 2, max_locals: 2, code_length: 10
      bytecode disassembly:
        0000: 2A -> ALOAD_0 []
        0001: B4 -> GETFIELD [19]
        0004: 2B -> ALOAD_1 []
        0005: B6 -> INVOKEVIRTUAL [66]
        0008: 57 -> POP []
        0009: B1 -> RETURN []
[ALOAD_0, GETFIELD, ALOAD_1, INVOKEVIRTUAL, POP, RETURN]

      exception_table_length: 0
      attributes_count: 2
        attr_index: 74, length: 10, data: 00020000004c0009004d
        attr_index: 75, length: 22, data: 00020000000a004c004d00000000000a006500660001
Attribute NameCode
      max_stack: 1, max_locals: 1, code_length: 5
      bytecode disassembly:
        0000: 2A -> ALOAD_0 []
        0001: B7 -> INVOKESPECIAL [1]
        0004: B1 -> RETURN []
[ALOAD_0, INVOKESPECIAL, RETURN]

      exception_table_length: 0
      attributes_count: 2
        attr_index: 62, length: 6, data: 000100000003
        attr_index: 63, length: 12, data: 000100000005004000410000
Attribute NameCode
      max_stack: 4, max_locals: 8, code_length: 148
      bytecode disassembly:
        0000: BB -> NEW [7]
        0003: 59 -> DUP []
        0004: 12 -> LDC [9]
        0006: 12 -> LDC [11]
        0008: B7 -> INVOKESPECIAL [13]
        0011: 4C -> ASTORE_1 []
        0012: BB -> NEW [7]
        0015: 59 -> DUP []
        0016: 12 -> LDC [16]
        0018: 12 -> LDC [18]
        0020: B7 -> INVOKESPECIAL [13]
        0023: 4D -> ASTORE_2 []
        0024: BB -> NEW [7]
        0027: 59 -> DUP []
        0028: 12 -> LDC [9]
        0030: 12 -> LDC [11]
        0032: B7 -> INVOKESPECIAL [13]
        0035: 4E -> ASTORE_3 []
        0036: BB -> NEW [20]
        0039: 59 -> DUP []
        0040: 12 -> LDC [22]
        0042: B7 -> INVOKESPECIAL [24]
        0045: 3A -> ASTORE [4]
        0047: BB -> NEW [20]
        0050: 59 -> DUP []
        0051: 12 -> LDC [27]
        0053: B7 -> INVOKESPECIAL [24]
        0056: 3A -> ASTORE [5]
        0058: BB -> NEW [29]
        0061: 59 -> DUP []
        0062: 12 -> LDC [31]
        0064: B7 -> INVOKESPECIAL [33]
        0067: 3A -> ASTORE [6]
        0069: BB -> NEW [29]
        0072: 59 -> DUP []
        0073: 12 -> LDC [34]
        0075: B7 -> INVOKESPECIAL [33]
        0078: 3A -> ASTORE [7]
        0080: 2B -> ALOAD_1 []
        0081: 19 -> ALOAD [4]
        0083: B6 -> INVOKEVIRTUAL [36]
        0086: 2B -> ALOAD_1 []
        0087: 19 -> ALOAD [7]
        0089: B6 -> INVOKEVIRTUAL [36]
        0092: 2C -> ALOAD_2 []
        0093: 19 -> ALOAD [5]
        0095: B6 -> INVOKEVIRTUAL [36]
        0098: 2D -> ALOAD_3 []
        0099: 19 -> ALOAD [6]
        0101: B6 -> INVOKEVIRTUAL [36]
        0104: B2 -> GETSTATIC [40]
        0107: 2B -> ALOAD_1 []
        0108: B6 -> INVOKEVIRTUAL [46]
        0111: B2 -> GETSTATIC [40]
        0114: 2C -> ALOAD_2 []
        0115: B6 -> INVOKEVIRTUAL [46]
        0118: B2 -> GETSTATIC [40]
        0121: 2D -> ALOAD_3 []
        0122: B6 -> INVOKEVIRTUAL [46]
        0125: B2 -> GETSTATIC [40]
        0128: 2B -> ALOAD_1 []
        0129: 2C -> ALOAD_2 []
        0130: B6 -> INVOKEVIRTUAL [52]
        0133: B6 -> INVOKEVIRTUAL [56]
        0136: B2 -> GETSTATIC [40]
        0139: 2B -> ALOAD_1 []
        0140: 2D -> ALOAD_3 []
        0141: B6 -> INVOKEVIRTUAL [52]
        0144: B6 -> INVOKEVIRTUAL [56]
        0147: B1 -> RETURN []
[NEW, DUP, LDC, LDC, INVOKESPECIAL, ASTORE_1, NEW, DUP, LDC, LDC, INVOKESPECIAL, ASTORE_2, NEW, DUP, LDC, LDC, INVOKESPECIAL, ASTORE_3, NEW, DUP, LDC, INVOKESPECIAL, ASTORE, NEW, DUP, LDC, INVOKESPECIAL, ASTORE, NEW, DUP, LDC, INVOKESPECIAL, ASTORE, NEW, DUP, LDC, INVOKESPECIAL, ASTORE, ALOAD_1, ALOAD, INVOKEVIRTUAL, ALOAD_1, ALOAD, INVOKEVIRTUAL, ALOAD_2, ALOAD, INVOKEVIRTUAL, ALOAD_3, ALOAD, INVOKEVIRTUAL, GETSTATIC, ALOAD_1, INVOKEVIRTUAL, GETSTATIC, ALOAD_2, INVOKEVIRTUAL, GETSTATIC, ALOAD_3, INVOKEVIRTUAL, GETSTATIC, ALOAD_1, ALOAD_2, INVOKEVIRTUAL, INVOKEVIRTUAL, GETSTATIC, ALOAD_1, ALOAD_3, INVOKEVIRTUAL, INVOKEVIRTUAL, RETURN]

      exception_table_length: 0
      attributes_count: 2
        attr_index: 62, length: 70, data: 001100000005000c00060018000700240009002f000a003a000b0045000c0050000e0056000f005c00100062001100680013006f001400760015007d00170088001800930019
        attr_index: 63, length: 82, data: 000800000094004400450000000c00880046004700010018007c00480047000200240070004900470003002f0065004a004b0004003a005a004c004b00050045004f004d004e000600500044004f004e0007
Attribute NameCode
      max_stack: 2, max_locals: 2, code_length: 12
      bytecode disassembly:
        0000: 2A -> ALOAD_0 []
        0001: 2B -> ALOAD_1 []
        0002: B7 -> INVOKESPECIAL [1]
        0005: 2A -> ALOAD_0 []
        0006: 10 -> BIPUSH [9]
        0008: B5 -> PUTFIELD [7]
        0011: B1 -> RETURN []
[ALOAD_0, ALOAD_1, INVOKESPECIAL, ALOAD_0, BIPUSH, PUTFIELD, RETURN]

      exception_table_length: 0
      attributes_count: 2
        attr_index: 35, length: 14, data: 00030000000700050008000b0009
        attr_index: 36, length: 22, data: 00020000000c0025002600000000000c002700280001
Attribute NameCode
      max_stack: 2, max_locals: 1, code_length: 9
      bytecode disassembly:
        0000: B2 -> GETSTATIC [13]
        0003: 12 -> LDC [19]
        0005: B6 -> INVOKEVIRTUAL [21]
        0008: B1 -> RETURN []
[GETSTATIC, LDC, INVOKEVIRTUAL, RETURN]

      exception_table_length: 0
      attributes_count: 2
        attr_index: 35, length: 10, data: 00020000000d0008000e
        attr_index: 36, length: 12, data: 000100000009002500260000
Attribute NameCode
      max_stack: 2, max_locals: 1, code_length: 14
      bytecode disassembly:
        0000: 2A -> ALOAD_0 []
        0001: B4 -> GETFIELD [7]
        0004: 2A -> ALOAD_0 []
        0005: B7 -> INVOKESPECIAL [26]
        0008: BA -> INVOKEDYNAMIC [30]
        0013: B0 -> ARETURN []
[ALOAD_0, GETFIELD, ALOAD_0, INVOKESPECIAL, INVOKEDYNAMIC, ARETURN]

      exception_table_length: 0
      attributes_count: 2
        attr_index: 35, length: 14, data: 00030000001200050014000d0012
        attr_index: 36, length: 12, data: 00010000000e002500260000
Attribute NameCode
      max_stack: 2, max_locals: 2, code_length: 6
      bytecode disassembly:
        0000: 2A -> ALOAD_0 []
        0001: 2B -> ALOAD_1 []
        0002: B7 -> INVOKESPECIAL [1]
        0005: B1 -> RETURN []
[ALOAD_0, ALOAD_1, INVOKESPECIAL, RETURN]

      exception_table_length: 0
      attributes_count: 2
        attr_index: 31, length: 10, data: 00020000000600050007
        attr_index: 32, length: 22, data: 00020000000600210022000000000006002300240001
Attribute NameCode
      max_stack: 2, max_locals: 1, code_length: 9
      bytecode disassembly:
        0000: B2 -> GETSTATIC [7]
        0003: 12 -> LDC [13]
        0005: B6 -> INVOKEVIRTUAL [15]
        0008: B1 -> RETURN []
[GETSTATIC, LDC, INVOKEVIRTUAL, RETURN]

      exception_table_length: 0
      attributes_count: 2
        attr_index: 31, length: 10, data: 00020000000b0008000c
        attr_index: 32, length: 12, data: 000100000009002100220000
Attribute NameCode
      max_stack: 1, max_locals: 1, code_length: 10
      bytecode disassembly:
        0000: 2A -> ALOAD_0 []
        0001: B7 -> INVOKESPECIAL [20]
        0004: BA -> INVOKEDYNAMIC [24]
        0009: B0 -> ARETURN []
[ALOAD_0, INVOKESPECIAL, INVOKEDYNAMIC, ARETURN]

      exception_table_length: 0
      attributes_count: 2
        attr_index: 31, length: 6, data: 000100000010
        attr_index: 32, length: 12, data: 00010000000a002100220000
Attribute NameCode
      max_stack: 1, max_locals: 1, code_length: 5
      bytecode disassembly:
        0000: 2A -> ALOAD_0 []
        0001: B7 -> INVOKESPECIAL [1]
        0004: B1 -> RETURN []
[ALOAD_0, INVOKESPECIAL, RETURN]

      exception_table_length: 0
      attributes_count: 2
        attr_index: 24, length: 6, data: 000100000003
        attr_index: 25, length: 12, data: 000100000005001a001b0000
Attribute NameCode
      max_stack: 2, max_locals: 1, code_length: 9
      bytecode disassembly:
        0000: B2 -> GETSTATIC [7]
        0003: 12 -> LDC [13]
        0005: B6 -> INVOKEVIRTUAL [15]
        0008: B1 -> RETURN []
[GETSTATIC, LDC, INVOKEVIRTUAL, RETURN]

      exception_table_length: 0
      attributes_count: 2
        attr_index: 24, length: 10, data: 00020000000500080006
        attr_index: 25, length: 12, data: 000100000009001a001b0000
]]></system-out>
    <system-err><![CDATA[Feb 10, 2026 9:36:38 AM xyz.metratrj.jbyteinspector.core.JByteInspectorEngine analyzeJar
INFO: Analyzing JAR: /home/metratrj/sources/JInspector/Code/jbi-tests/target/test-classes/fixtures.jar/jbi-examples-1.0.0.jar
Feb 10, 2026 9:36:38 AM xyz.metratrj.jbyteinspector.io.FileUtils findFiles
INFO: Starting recursive file search in: /
Feb 10, 2026 9:36:38 AM xyz.metratrj.jbyteinspector.io.FileUtils$1 visitFile
INFO: Found file: /
Feb 10, 2026 9:36:38 AM xyz.metratrj.jbyteinspector.io.FileUtils$1 visitFile
INFO: Found file: /
Feb 10, 2026 9:36:38 AM xyz.metratrj.jbyteinspector.io.FileUtils$1 visitFile
INFO: Found file: /
Feb 10, 2026 9:36:38 AM xyz.metratrj.jbyteinspector.io.FileUtils$1 visitFile
INFO: Found file: /
Feb 10, 2026 9:36:38 AM xyz.metratrj.jbyteinspector.io.FileUtils$1 visitFile
INFO: Found file: /
Feb 10, 2026 9:36:38 AM xyz.metratrj.jbyteinspector.io.FileUtils$1 visitFile
INFO: Found file: /
Feb 10, 2026 9:36:38 AM xyz.metratrj.jbyteinspector.parser.classfile.ClassFile parse
INFO: Starting to parse class file: /xyz/metratrj/jbyteinspector/examples/animals/Tier.class
Feb 10, 2026 9:36:38 AM xyz.metratrj.jbyteinspector.parser.classfile.ClassFile parse
INFO: Successfully parsed class file: /xyz/metratrj/jbyteinspector/examples/animals/Tier.class
Feb 10, 2026 9:36:38 AM xyz.metratrj.jbyteinspector.parser.classfile.ClassFile parse
INFO: Starting to parse class file: /xyz/metratrj/jbyteinspector/examples/animals/Person.class
Feb 10, 2026 9:36:38 AM xyz.metratrj.jbyteinspector.parser.classfile.ClassFile parse
INFO: Successfully parsed class file: /xyz/metratrj/jbyteinspector/examples/animals/Person.class
Feb 10, 2026 9:36:39 AM xyz.metratrj.jbyteinspector.parser.classfile.ClassFile parse
INFO: Starting to parse class file: /xyz/metratrj/jbyteinspector/examples/animals/Main.class
Feb 10, 2026 9:36:39 AM xyz.metratrj.jbyteinspector.parser.classfile.ClassFile parse
INFO: Successfully parsed class file: /xyz/metratrj/jbyteinspector/examples/animals/Main.class
Feb 10, 2026 9:36:39 AM xyz.metratrj.jbyteinspector.parser.classfile.ClassFile parse
INFO: Starting to parse class file: /xyz/metratrj/jbyteinspector/examples/animals/Katze.class
Feb 10, 2026 9:36:39 AM xyz.metratrj.jbyteinspector.parser.classfile.ClassFile parse
INFO: Successfully parsed class file: /xyz/metratrj/jbyteinspector/examples/animals/Katze.class
Feb 10, 2026 9:36:39 AM xyz.metratrj.jbyteinspector.parser.classfile.ClassFile parse
INFO: Starting to parse class file: /xyz/metratrj/jbyteinspector/examples/animals/Esel.class
Feb 10, 2026 9:36:39 AM xyz.metratrj.jbyteinspector.parser.classfile.ClassFile parse
INFO: Successfully parsed class file: /xyz/metratrj/jbyteinspector/examples/animals/Esel.class
Feb 10, 2026 9:36:39 AM xyz.metratrj.jbyteinspector.parser.classfile.ClassFile parse
INFO: Starting to parse class file: /xyz/metratrj/jbyteinspector/examples/Example.class
Feb 10, 2026 9:36:39 AM xyz.metratrj.jbyteinspector.parser.classfile.ClassFile parse
INFO: Successfully parsed class file: /xyz/metratrj/jbyteinspector/examples/Example.class
]]></system-err>
  </testcase>
  <testcase name="testEmptyDirectoryAnalysis" classname="xyz.metratrj.jbyteinspector.tests.PipelineIntegrationTest" time="0.13">
    <system-err><![CDATA[Feb 10, 2026 9:36:39 AM xyz.metratrj.jbyteinspector.io.FileUtils findFiles
INFO: Starting recursive file search in: /tmp/empty-classes10432293468124973029
]]></system-err>
  </testcase>
  <testcase name="testSingleFileAnalysis" classname="xyz.metratrj.jbyteinspector.tests.PipelineIntegrationTest" time="0.059">
    <system-out><![CDATA[Attribute NameCode
      max_stack: 2, max_locals: 2, code_length: 6
      bytecode disassembly:
        0000: 2A -> ALOAD_0 []
        0001: 2B -> ALOAD_1 []
        0002: B7 -> INVOKESPECIAL [1]
        0005: B1 -> RETURN []
[ALOAD_0, ALOAD_1, INVOKESPECIAL, RETURN]

      exception_table_length: 0
      attributes_count: 2
        attr_index: 31, length: 10, data: 00020000000600050007
        attr_index: 32, length: 22, data: 00020000000600210022000000000006002300240001
Attribute NameCode
      max_stack: 2, max_locals: 1, code_length: 9
      bytecode disassembly:
        0000: B2 -> GETSTATIC [7]
        0003: 12 -> LDC [13]
        0005: B6 -> INVOKEVIRTUAL [15]
        0008: B1 -> RETURN []
[GETSTATIC, LDC, INVOKEVIRTUAL, RETURN]

      exception_table_length: 0
      attributes_count: 2
        attr_index: 31, length: 10, data: 00020000000b0008000c
        attr_index: 32, length: 12, data: 000100000009002100220000
Attribute NameCode
      max_stack: 1, max_locals: 1, code_length: 10
      bytecode disassembly:
        0000: 2A -> ALOAD_0 []
        0001: B7 -> INVOKESPECIAL [20]
        0004: BA -> INVOKEDYNAMIC [24]
        0009: B0 -> ARETURN []
[ALOAD_0, INVOKESPECIAL, INVOKEDYNAMIC, ARETURN]

      exception_table_length: 0
      attributes_count: 2
        attr_index: 31, length: 6, data: 000100000010
        attr_index: 32, length: 12, data: 00010000000a002100220000
]]></system-out>
    <system-err><![CDATA[Feb 10, 2026 9:36:39 AM xyz.metratrj.jbyteinspector.io.FileUtils findFiles
INFO: Starting recursive file search in: /home/metratrj/sources/JInspector/Code/jbi-tests/target/test-classes/fixtures/animals/Esel.class
Feb 10, 2026 9:36:39 AM xyz.metratrj.jbyteinspector.io.FileUtils findFiles
INFO: Found file: /home/metratrj/sources/JInspector/Code/jbi-tests/target/test-classes/fixtures/animals/Esel.class
Feb 10, 2026 9:36:39 AM xyz.metratrj.jbyteinspector.parser.classfile.ClassFile parse
INFO: Starting to parse class file: /home/metratrj/sources/JInspector/Code/jbi-tests/target/test-classes/fixtures/animals/Esel.class
Feb 10, 2026 9:36:39 AM xyz.metratrj.jbyteinspector.parser.classfile.ClassFile parse
INFO: Successfully parsed class file: /home/metratrj/sources/JInspector/Code/jbi-tests/target/test-classes/fixtures/animals/Esel.class
]]></system-err>
  </testcase>
  <testcase name="testFullPipelineWithAnimalExamples" classname="xyz.metratrj.jbyteinspector.tests.PipelineIntegrationTest" time="0.285">
    <system-out><![CDATA[Attribute NameCode
      max_stack: 2, max_locals: 2, code_length: 6
      bytecode disassembly:
        0000: 2A -> ALOAD_0 []
        0001: 2B -> ALOAD_1 []
        0002: B7 -> INVOKESPECIAL [1]
        0005: B1 -> RETURN []
[ALOAD_0, ALOAD_1, INVOKESPECIAL, RETURN]

      exception_table_length: 0
      attributes_count: 2
        attr_index: 31, length: 10, data: 00020000000600050007
        attr_index: 32, length: 22, data: 00020000000600210022000000000006002300240001
Attribute NameCode
      max_stack: 2, max_locals: 1, code_length: 9
      bytecode disassembly:
        0000: B2 -> GETSTATIC [7]
        0003: 12 -> LDC [13]
        0005: B6 -> INVOKEVIRTUAL [15]
        0008: B1 -> RETURN []
[GETSTATIC, LDC, INVOKEVIRTUAL, RETURN]

      exception_table_length: 0
      attributes_count: 2
        attr_index: 31, length: 10, data: 00020000000b0008000c
        attr_index: 32, length: 12, data: 000100000009002100220000
Attribute NameCode
      max_stack: 1, max_locals: 1, code_length: 10
      bytecode disassembly:
        0000: 2A -> ALOAD_0 []
        0001: B7 -> INVOKESPECIAL [20]
        0004: BA -> INVOKEDYNAMIC [24]
        0009: B0 -> ARETURN []
[ALOAD_0, INVOKESPECIAL, INVOKEDYNAMIC, ARETURN]

      exception_table_length: 0
      attributes_count: 2
        attr_index: 31, length: 6, data: 000100000010
        attr_index: 32, length: 12, data: 00010000000a002100220000
Attribute NameCode
      max_stack: 2, max_locals: 2, code_length: 12
      bytecode disassembly:
        0000: 2A -> ALOAD_0 []
        0001: 2B -> ALOAD_1 []
        0002: B7 -> INVOKESPECIAL [1]
        0005: 2A -> ALOAD_0 []
        0006: 10 -> BIPUSH [9]
        0008: B5 -> PUTFIELD [7]
        0011: B1 -> RETURN []
[ALOAD_0, ALOAD_1, INVOKESPECIAL, ALOAD_0, BIPUSH, PUTFIELD, RETURN]

      exception_table_length: 0
      attributes_count: 2
        attr_index: 35, length: 14, data: 00030000000700050008000b0009
        attr_index: 36, length: 22, data: 00020000000c0025002600000000000c002700280001
Attribute NameCode
      max_stack: 2, max_locals: 1, code_length: 9
      bytecode disassembly:
        0000: B2 -> GETSTATIC [13]
        0003: 12 -> LDC [19]
        0005: B6 -> INVOKEVIRTUAL [21]
        0008: B1 -> RETURN []
[GETSTATIC, LDC, INVOKEVIRTUAL, RETURN]

      exception_table_length: 0
      attributes_count: 2
        attr_index: 35, length: 10, data: 00020000000d0008000e
        attr_index: 36, length: 12, data: 000100000009002500260000
Attribute NameCode
      max_stack: 2, max_locals: 1, code_length: 14
      bytecode disassembly:
        0000: 2A -> ALOAD_0 []
        0001: B4 -> GETFIELD [7]
        0004: 2A -> ALOAD_0 []
        0005: B7 -> INVOKESPECIAL [26]
        0008: BA -> INVOKEDYNAMIC [30]
        0013: B0 -> ARETURN []
[ALOAD_0, GETFIELD, ALOAD_0, INVOKESPECIAL, INVOKEDYNAMIC, ARETURN]

      exception_table_length: 0
      attributes_count: 2
        attr_index: 35, length: 14, data: 00030000001200050014000d0012
        attr_index: 36, length: 12, data: 00010000000e002500260000
Attribute NameCode
      max_stack: 1, max_locals: 1, code_length: 5
      bytecode disassembly:
        0000: 2A -> ALOAD_0 []
        0001: B7 -> INVOKESPECIAL [1]
        0004: B1 -> RETURN []
[ALOAD_0, INVOKESPECIAL, RETURN]

      exception_table_length: 0
      attributes_count: 2
        attr_index: 62, length: 6, data: 000100000003
        attr_index: 63, length: 12, data: 000100000005004000410000
Attribute NameCode
      max_stack: 4, max_locals: 8, code_length: 148
      bytecode disassembly:
        0000: BB -> NEW [7]
        0003: 59 -> DUP []
        0004: 12 -> LDC [9]
        0006: 12 -> LDC [11]
        0008: B7 -> INVOKESPECIAL [13]
        0011: 4C -> ASTORE_1 []
        0012: BB -> NEW [7]
        0015: 59 -> DUP []
        0016: 12 -> LDC [16]
        0018: 12 -> LDC [18]
        0020: B7 -> INVOKESPECIAL [13]
        0023: 4D -> ASTORE_2 []
        0024: BB -> NEW [7]
        0027: 59 -> DUP []
        0028: 12 -> LDC [9]
        0030: 12 -> LDC [11]
        0032: B7 -> INVOKESPECIAL [13]
        0035: 4E -> ASTORE_3 []
        0036: BB -> NEW [20]
        0039: 59 -> DUP []
        0040: 12 -> LDC [22]
        0042: B7 -> INVOKESPECIAL [24]
        0045: 3A -> ASTORE [4]
        0047: BB -> NEW [20]
        0050: 59 -> DUP []
        0051: 12 -> LDC [27]
        0053: B7 -> INVOKESPECIAL [24]
        0056: 3A -> ASTORE [5]
        0058: BB -> NEW [29]
        0061: 59 -> DUP []
        0062: 12 -> LDC [31]
        0064: B7 -> INVOKESPECIAL [33]
        0067: 3A -> ASTORE [6]
        0069: BB -> NEW [29]
        0072: 59 -> DUP []
        0073: 12 -> LDC [34]
        0075: B7 -> INVOKESPECIAL [33]
        0078: 3A -> ASTORE [7]
        0080: 2B -> ALOAD_1 []
        0081: 19 -> ALOAD [4]
        0083: B6 -> INVOKEVIRTUAL [36]
        0086: 2B -> ALOAD_1 []
        0087: 19 -> ALOAD [7]
        0089: B6 -> INVOKEVIRTUAL [36]
        0092: 2C -> ALOAD_2 []
        0093: 19 -> ALOAD [5]
        0095: B6 -> INVOKEVIRTUAL [36]
        0098: 2D -> ALOAD_3 []
        0099: 19 -> ALOAD [6]
        0101: B6 -> INVOKEVIRTUAL [36]
        0104: B2 -> GETSTATIC [40]
        0107: 2B -> ALOAD_1 []
        0108: B6 -> INVOKEVIRTUAL [46]
        0111: B2 -> GETSTATIC [40]
        0114: 2C -> ALOAD_2 []
        0115: B6 -> INVOKEVIRTUAL [46]
        0118: B2 -> GETSTATIC [40]
        0121: 2D -> ALOAD_3 []
        0122: B6 -> INVOKEVIRTUAL [46]
        0125: B2 -> GETSTATIC [40]
        0128: 2B -> ALOAD_1 []
        0129: 2C -> ALOAD_2 []
        0130: B6 -> INVOKEVIRTUAL [52]
        0133: B6 -> INVOKEVIRTUAL [56]
        0136: B2 -> GETSTATIC [40]
        0139: 2B -> ALOAD_1 []
        0140: 2D -> ALOAD_3 []
        0141: B6 -> INVOKEVIRTUAL [52]
        0144: B6 -> INVOKEVIRTUAL [56]
        0147: B1 -> RETURN []
[NEW, DUP, LDC, LDC, INVOKESPECIAL, ASTORE_1, NEW, DUP, LDC, LDC, INVOKESPECIAL, ASTORE_2, NEW, DUP, LDC, LDC, INVOKESPECIAL, ASTORE_3, NEW, DUP, LDC, INVOKESPECIAL, ASTORE, NEW, DUP, LDC, INVOKESPECIAL, ASTORE, NEW, DUP, LDC, INVOKESPECIAL, ASTORE, NEW, DUP, LDC, INVOKESPECIAL, ASTORE, ALOAD_1, ALOAD, INVOKEVIRTUAL, ALOAD_1, ALOAD, INVOKEVIRTUAL, ALOAD_2, ALOAD, INVOKEVIRTUAL, ALOAD_3, ALOAD, INVOKEVIRTUAL, GETSTATIC, ALOAD_1, INVOKEVIRTUAL, GETSTATIC, ALOAD_2, INVOKEVIRTUAL, GETSTATIC, ALOAD_3, INVOKEVIRTUAL, GETSTATIC, ALOAD_1, ALOAD_2, INVOKEVIRTUAL, INVOKEVIRTUAL, GETSTATIC, ALOAD_1, ALOAD_3, INVOKEVIRTUAL, INVOKEVIRTUAL, RETURN]

      exception_table_length: 0
      attributes_count: 2
        attr_index: 62, length: 70, data: 001100000005000c00060018000700240009002f000a003a000b0045000c0050000e0056000f005c00100062001100680013006f001400760015007d00170088001800930019
        attr_index: 63, length: 82, data: 000800000094004400450000000c00880046004700010018007c00480047000200240070004900470003002f0065004a004b0004003a005a004c004b00050045004f004d004e000600500044004f004e0007
Attribute NameCode
      max_stack: 3, max_locals: 3, code_length: 26
      bytecode disassembly:
        0000: 2A -> ALOAD_0 []
        0001: B7 -> INVOKESPECIAL [1]
        0004: 2A -> ALOAD_0 []
        0005: 2B -> ALOAD_1 []
        0006: B5 -> PUTFIELD [7]
        0009: 2A -> ALOAD_0 []
        0010: 2C -> ALOAD_2 []
        0011: B5 -> PUTFIELD [13]
        0014: 2A -> ALOAD_0 []
        0015: BB -> NEW [16]
        0018: 59 -> DUP []
        0019: B7 -> INVOKESPECIAL [18]
        0022: B5 -> PUTFIELD [19]
        0025: B1 -> RETURN []
[ALOAD_0, INVOKESPECIAL, ALOAD_0, ALOAD_1, PUTFIELD, ALOAD_0, ALOAD_2, PUTFIELD, ALOAD_0, NEW, DUP, INVOKESPECIAL, PUTFIELD, RETURN]

      exception_table_length: 0
      attributes_count: 2
        attr_index: 74, length: 22, data: 00050000000c0004000d0009000e000e000f00190010
        attr_index: 75, length: 32, data: 00030000001a004c004d00000000001a000b000c00010000001a000f000c0002
Attribute NameCode
      max_stack: 2, max_locals: 4, code_length: 20
      bytecode disassembly:
        0000: 2A -> ALOAD_0 []
        0001: B7 -> INVOKESPECIAL [1]
        0004: 2A -> ALOAD_0 []
        0005: 2B -> ALOAD_1 []
        0006: B5 -> PUTFIELD [7]
        0009: 2A -> ALOAD_0 []
        0010: 2C -> ALOAD_2 []
        0011: B5 -> PUTFIELD [13]
        0014: 2A -> ALOAD_0 []
        0015: 2D -> ALOAD_3 []
        0016: B5 -> PUTFIELD [19]
        0019: B1 -> RETURN []
[ALOAD_0, INVOKESPECIAL, ALOAD_0, ALOAD_1, PUTFIELD, ALOAD_0, ALOAD_2, PUTFIELD, ALOAD_0, ALOAD_3, PUTFIELD, RETURN]

      exception_table_length: 0
      attributes_count: 3
        attr_index: 74, length: 22, data: 0005000000120004001300090014000e001500130016
        attr_index: 75, length: 42, data: 000400000014004c004d000000000014000b000c000100000014000f000c000200000014001500160003
        attr_index: 79, length: 12, data: 000100000014001500470003
Attribute NameSignature
Attribute NameCode
      max_stack: 4, max_locals: 4, code_length: 40
      bytecode disassembly:
        0000: 2A -> ALOAD_0 []
        0001: B7 -> INVOKESPECIAL [1]
        0004: 2A -> ALOAD_0 []
        0005: 2B -> ALOAD_1 []
        0006: B5 -> PUTFIELD [7]
        0009: 2A -> ALOAD_0 []
        0010: 2C -> ALOAD_2 []
        0011: B5 -> PUTFIELD [13]
        0014: 2A -> ALOAD_0 []
        0015: BB -> NEW [16]
        0018: 59 -> DUP []
        0019: 2D -> ALOAD_3 []
        0020: BE -> ARRAYLENGTH []
        0021: B7 -> INVOKESPECIAL [23]
        0024: B5 -> PUTFIELD [19]
        0027: 2A -> ALOAD_0 []
        0028: B4 -> GETFIELD [19]
        0031: 2D -> ALOAD_3 []
        0032: B8 -> INVOKESTATIC [26]
        0035: B6 -> INVOKEVIRTUAL [32]
        0038: 57 -> POP []
        0039: B1 -> RETURN []
[ALOAD_0, INVOKESPECIAL, ALOAD_0, ALOAD_1, PUTFIELD, ALOAD_0, ALOAD_2, PUTFIELD, ALOAD_0, NEW, DUP, ALOAD_3, ARRAYLENGTH, INVOKESPECIAL, PUTFIELD, ALOAD_0, GETFIELD, ALOAD_3, INVOKESTATIC, INVOKEVIRTUAL, POP, RETURN]

      exception_table_length: 0
      attributes_count: 2
        attr_index: 74, length: 26, data: 000600000018000400190009001a000e001b001b001c0027001d
        attr_index: 75, length: 42, data: 000400000028004c004d000000000028000b000c000100000028000f000c000200000028001500520003
Attribute NameCode
      max_stack: 3, max_locals: 1, code_length: 24
      bytecode disassembly:
        0000: 2A -> ALOAD_0 []
        0001: B4 -> GETFIELD [7]
        0004: 2A -> ALOAD_0 []
        0005: B4 -> GETFIELD [13]
        0008: 2A -> ALOAD_0 []
        0009: B4 -> GETFIELD [19]
        0012: B8 -> INVOKESTATIC [36]
        0015: B8 -> INVOKESTATIC [39]
        0018: BA -> INVOKEDYNAMIC [45]
        0023: B0 -> ARETURN []
[ALOAD_0, GETFIELD, ALOAD_0, GETFIELD, ALOAD_0, GETFIELD, INVOKESTATIC, INVOKESTATIC, INVOKEDYNAMIC, ARETURN]

      exception_table_length: 0
      attributes_count: 2
        attr_index: 74, length: 14, data: 000300000021000c002400170021
        attr_index: 75, length: 12, data: 000100000018004c004d0000
Attribute NameCode
      max_stack: 2, max_locals: 3, code_length: 51
      bytecode disassembly:
        0000: 2B -> ALOAD_1 []
        0001: C1 -> INSTANCEOF [8]
        0004: 99 -> IFEQ [15]
        0007: 2B -> ALOAD_1 []
        0008: C0 -> CHECKCAST [8]
        0011: 4D -> ASTORE_2 []
        0012: A7 -> GOTO [17]
        0015: 03 -> ICONST_0 []
        0016: AC -> IRETURN []
        0017: 2A -> ALOAD_0 []
        0018: B6 -> INVOKEVIRTUAL [49]
        0021: 2C -> ALOAD_2 []
        0022: B6 -> INVOKEVIRTUAL [49]
        0025: B8 -> INVOKESTATIC [53]
        0028: 99 -> IFEQ [49]
        0031: 2A -> ALOAD_0 []
        0032: B6 -> INVOKEVIRTUAL [59]
        0035: 2C -> ALOAD_2 []
        0036: B6 -> INVOKEVIRTUAL [59]
        0039: B8 -> INVOKESTATIC [53]
        0042: 99 -> IFEQ [49]
        0045: 04 -> ICONST_1 []
        0046: A7 -> GOTO [50]
        0049: 03 -> ICONST_0 []
        0050: AC -> IRETURN []
[ALOAD_1, INSTANCEOF, IFEQ, ALOAD_1, CHECKCAST, ASTORE_2, GOTO, ICONST_0, IRETURN, ALOAD_0, INVOKEVIRTUAL, ALOAD_2, INVOKEVIRTUAL, INVOKESTATIC, IFEQ, ALOAD_0, INVOKEVIRTUAL, ALOAD_2, INVOKEVIRTUAL, INVOKESTATIC, IFEQ, ICONST_1, GOTO, ICONST_0, IRETURN]

      exception_table_length: 0
      attributes_count: 3
        attr_index: 74, length: 10, data: 00020000002a0011002b
        attr_index: 75, length: 42, data: 0004000c00030054004d000200000033004c004d000000000033005500560001001100220054004d0002
        attr_index: 87, length: 12, data: 00040ffc00010700081f4001
Attribute NameCode
      max_stack: 4, max_locals: 1, code_length: 22
      bytecode disassembly:
        0000: 05 -> ICONST_2 []
        0001: BD -> ANEWARRAY [2]
        0004: 59 -> DUP []
        0005: 03 -> ICONST_0 []
        0006: 2A -> ALOAD_0 []
        0007: B6 -> INVOKEVIRTUAL [49]
        0010: 53 -> AASTORE []
        0011: 59 -> DUP []
        0012: 04 -> ICONST_1 []
        0013: 2A -> ALOAD_0 []
        0014: B6 -> INVOKEVIRTUAL [59]
        0017: 53 -> AASTORE []
        0018: B8 -> INVOKESTATIC [62]
        0021: AC -> IRETURN []
[ICONST_2, ANEWARRAY, DUP, ICONST_0, ALOAD_0, INVOKEVIRTUAL, AASTORE, DUP, ICONST_1, ALOAD_0, INVOKEVIRTUAL, AASTORE, INVOKESTATIC, IRETURN]

      exception_table_length: 0
      attributes_count: 2
        attr_index: 74, length: 6, data: 000100000030
        attr_index: 75, length: 12, data: 000100000016004c004d0000
Attribute NameCode
      max_stack: 1, max_locals: 1, code_length: 5
      bytecode disassembly:
        0000: 2A -> ALOAD_0 []
        0001: B4 -> GETFIELD [7]
        0004: B0 -> ARETURN []
[ALOAD_0, GETFIELD, ARETURN]

      exception_table_length: 0
      attributes_count: 2
        attr_index: 74, length: 6, data: 000100000034
        attr_index: 75, length: 12, data: 000100000005004c004d0000
Attribute NameCode
      max_stack: 2, max_locals: 2, code_length: 6
      bytecode disassembly:
        0000: 2A -> ALOAD_0 []
        0001: 2B -> ALOAD_1 []
        0002: B5 -> PUTFIELD [7]
        0005: B1 -> RETURN []
[ALOAD_0, ALOAD_1, PUTFIELD, RETURN]

      exception_table_length: 0
      attributes_count: 2
        attr_index: 74, length: 10, data: 00020000003800050039
        attr_index: 75, length: 22, data: 000200000006004c004d000000000006000b000c0001
Attribute NameCode
      max_stack: 1, max_locals: 1, code_length: 5
      bytecode disassembly:
        0000: 2A -> ALOAD_0 []
        0001: B4 -> GETFIELD [13]
        0004: B0 -> ARETURN []
[ALOAD_0, GETFIELD, ARETURN]

      exception_table_length: 0
      attributes_count: 2
        attr_index: 74, length: 6, data: 00010000003c
        attr_index: 75, length: 12, data: 000100000005004c004d0000
Attribute NameCode
      max_stack: 2, max_locals: 2, code_length: 6
      bytecode disassembly:
        0000: 2A -> ALOAD_0 []
        0001: 2B -> ALOAD_1 []
        0002: B5 -> PUTFIELD [13]
        0005: B1 -> RETURN []
[ALOAD_0, ALOAD_1, PUTFIELD, RETURN]

      exception_table_length: 0
      attributes_count: 2
        attr_index: 74, length: 10, data: 00020000004000050041
        attr_index: 75, length: 22, data: 000200000006004c004d000000000006000f000c0001
Attribute NameCode
      max_stack: 1, max_locals: 1, code_length: 5
      bytecode disassembly:
        0000: 2A -> ALOAD_0 []
        0001: B4 -> GETFIELD [19]
        0004: B0 -> ARETURN []
[ALOAD_0, GETFIELD, ARETURN]

      exception_table_length: 0
      attributes_count: 2
        attr_index: 74, length: 6, data: 000100000044
        attr_index: 75, length: 12, data: 000100000005004c004d0000
Attribute NameSignature
Attribute NameCode
      max_stack: 2, max_locals: 2, code_length: 6
      bytecode disassembly:
        0000: 2A -> ALOAD_0 []
        0001: 2B -> ALOAD_1 []
        0002: B5 -> PUTFIELD [19]
        0005: B1 -> RETURN []
[ALOAD_0, ALOAD_1, PUTFIELD, RETURN]

      exception_table_length: 0
      attributes_count: 3
        attr_index: 74, length: 10, data: 00020000004800050049
        attr_index: 75, length: 22, data: 000200000006004c004d000000000006001500160001
        attr_index: 79, length: 12, data: 000100000006001500470001
Attribute NameSignature
Attribute NameCode
      max_stack: 2, max_locals: 2, code_length: 10
      bytecode disassembly:
        0000: 2A -> ALOAD_0 []
        0001: B4 -> GETFIELD [19]
        0004: 2B -> ALOAD_1 []
        0005: B6 -> INVOKEVIRTUAL [66]
        0008: 57 -> POP []
        0009: B1 -> RETURN []
[ALOAD_0, GETFIELD, ALOAD_1, INVOKEVIRTUAL, POP, RETURN]

      exception_table_length: 0
      attributes_count: 2
        attr_index: 74, length: 10, data: 00020000004c0009004d
        attr_index: 75, length: 22, data: 00020000000a004c004d00000000000a006500660001
Attribute NameCode
      max_stack: 2, max_locals: 2, code_length: 10
      bytecode disassembly:
        0000: 2A -> ALOAD_0 []
        0001: B7 -> INVOKESPECIAL [1]
        0004: 2A -> ALOAD_0 []
        0005: 2B -> ALOAD_1 []
        0006: B5 -> PUTFIELD [7]
        0009: B1 -> RETURN []
[ALOAD_0, INVOKESPECIAL, ALOAD_0, ALOAD_1, PUTFIELD, RETURN]

      exception_table_length: 0
      attributes_count: 2
        attr_index: 19, length: 14, data: 0003000000060004000700090008
        attr_index: 20, length: 22, data: 00020000000a0015001600000000000a000b000c0001
Attribute NameCode
      max_stack: 1, max_locals: 1, code_length: 10
      bytecode disassembly:
        0000: 2A -> ALOAD_0 []
        0001: B4 -> GETFIELD [7]
        0004: BA -> INVOKEDYNAMIC [13]
        0009: B0 -> ARETURN []
[ALOAD_0, GETFIELD, INVOKEDYNAMIC, ARETURN]

      exception_table_length: 0
      attributes_count: 2
        attr_index: 19, length: 6, data: 00010000000e
        attr_index: 20, length: 12, data: 00010000000a001500160000
]]></system-out>
    <system-err><![CDATA[Feb 10, 2026 9:36:39 AM xyz.metratrj.jbyteinspector.io.FileUtils findFiles
INFO: Starting recursive file search in: /home/metratrj/sources/JInspector/Code/jbi-tests/target/test-classes/fixtures/animals
Feb 10, 2026 9:36:39 AM xyz.metratrj.jbyteinspector.io.FileUtils$1 visitFile
INFO: Found file: /home/metratrj/sources/JInspector/Code/jbi-tests/target/test-classes/fixtures/animals
Feb 10, 2026 9:36:39 AM xyz.metratrj.jbyteinspector.io.FileUtils$1 visitFile
INFO: Found file: /home/metratrj/sources/JInspector/Code/jbi-tests/target/test-classes/fixtures/animals
Feb 10, 2026 9:36:39 AM xyz.metratrj.jbyteinspector.io.FileUtils$1 visitFile
INFO: Found file: /home/metratrj/sources/JInspector/Code/jbi-tests/target/test-classes/fixtures/animals
Feb 10, 2026 9:36:39 AM xyz.metratrj.jbyteinspector.io.FileUtils$1 visitFile
INFO: Found file: /home/metratrj/sources/JInspector/Code/jbi-tests/target/test-classes/fixtures/animals
Feb 10, 2026 9:36:39 AM xyz.metratrj.jbyteinspector.io.FileUtils$1 visitFile
INFO: Found file: /home/metratrj/sources/JInspector/Code/jbi-tests/target/test-classes/fixtures/animals
Feb 10, 2026 9:36:39 AM xyz.metratrj.jbyteinspector.parser.classfile.ClassFile parse
INFO: Starting to parse class file: /home/metratrj/sources/JInspector/Code/jbi-tests/target/test-classes/fixtures/animals/Esel.class
Feb 10, 2026 9:36:39 AM xyz.metratrj.jbyteinspector.parser.classfile.ClassFile parse
INFO: Successfully parsed class file: /home/metratrj/sources/JInspector/Code/jbi-tests/target/test-classes/fixtures/animals/Esel.class
Feb 10, 2026 9:36:39 AM xyz.metratrj.jbyteinspector.parser.classfile.ClassFile parse
INFO: Starting to parse class file: /home/metratrj/sources/JInspector/Code/jbi-tests/target/test-classes/fixtures/animals/Katze.class
Feb 10, 2026 9:36:39 AM xyz.metratrj.jbyteinspector.parser.classfile.ClassFile parse
INFO: Successfully parsed class file: /home/metratrj/sources/JInspector/Code/jbi-tests/target/test-classes/fixtures/animals/Katze.class
Feb 10, 2026 9:36:39 AM xyz.metratrj.jbyteinspector.parser.classfile.ClassFile parse
INFO: Starting to parse class file: /home/metratrj/sources/JInspector/Code/jbi-tests/target/test-classes/fixtures/animals/Main.class
Feb 10, 2026 9:36:39 AM xyz.metratrj.jbyteinspector.parser.classfile.ClassFile parse
INFO: Successfully parsed class file: /home/metratrj/sources/JInspector/Code/jbi-tests/target/test-classes/fixtures/animals/Main.class
Feb 10, 2026 9:36:39 AM xyz.metratrj.jbyteinspector.parser.classfile.ClassFile parse
INFO: Starting to parse class file: /home/metratrj/sources/JInspector/Code/jbi-tests/target/test-classes/fixtures/animals/Person.class
Feb 10, 2026 9:36:39 AM xyz.metratrj.jbyteinspector.parser.classfile.ClassFile parse
INFO: Successfully parsed class file: /home/metratrj/sources/JInspector/Code/jbi-tests/target/test-classes/fixtures/animals/Person.class
Feb 10, 2026 9:36:39 AM xyz.metratrj.jbyteinspector.parser.classfile.ClassFile parse
INFO: Starting to parse class file: /home/metratrj/sources/JInspector/Code/jbi-tests/target/test-classes/fixtures/animals/Tier.class
Feb 10, 2026 9:36:39 AM xyz.metratrj.jbyteinspector.parser.classfile.ClassFile parse
INFO: Successfully parsed class file: /home/metratrj/sources/JInspector/Code/jbi-tests/target/test-classes/fixtures/animals/Tier.class
]]></system-err>
  </testcase>
</testsuite>